#
# There is insufficient memory for the Java Runtime Environment to continue.
# Native memory allocation (malloc) failed to allocate 1131856 bytes for Chunk::new
# Possible reasons:
#   The system is out of physical RAM or swap space
#   The process is running with CompressedOops enabled, and the Java Heap may be blocking the growth of the native heap
# Possible solutions:
#   Reduce memory load on the system
#   Increase physical memory or swap space
#   Check if swap backing store is full
#   Decrease Java heap size (-Xmx/-Xms)
#   Decrease number of Java threads
#   Decrease Java thread stack sizes (-Xss)
#   Set larger code cache with -XX:ReservedCodeCacheSize=
#   JVM is running with Unscaled Compressed Oops mode in which the Java heap is
#     placed in the first 4GB address space. The Java Heap base address is the
#     maximum limit for the native heap growth. Please use -XX:HeapBaseMinAddress
#     to set the Java Heap base and to place the Java Heap above 4GB virtual address.
# This output file may be truncated or incomplete.
#
#  Out of Memory Error (arena.cpp:189), pid=14308, tid=3120
#
# JRE version: Java(TM) SE Runtime Environment (17.0.8+9) (build 17.0.8+9-LTS-211)
# Java VM: Java HotSpot(TM) 64-Bit Server VM (17.0.8+9-LTS-211, mixed mode, sharing, tiered, compressed oops, compressed class ptrs, g1 gc, windows-amd64)
# No core dump will be written. Minidumps are not enabled by default on client versions of Windows
#

---------------  S U M M A R Y ------------

Command Line: --add-opens=java.base/java.lang=ALL-UNNAMED --add-opens=java.base/java.lang.invoke=ALL-UNNAMED --add-opens=java.base/java.util=ALL-UNNAMED --add-opens=java.prefs/java.util.prefs=ALL-UNNAMED --add-exports=jdk.compiler/com.sun.tools.javac.api=ALL-UNNAMED --add-exports=jdk.compiler/com.sun.tools.javac.util=ALL-UNNAMED --add-opens=java.base/java.util=ALL-UNNAMED --add-opens=java.prefs/java.util.prefs=ALL-UNNAMED --add-opens=java.base/java.nio.charset=ALL-UNNAMED --add-opens=java.base/java.net=ALL-UNNAMED --add-opens=java.base/java.util.concurrent=ALL-UNNAMED --add-opens=java.base/java.util.concurrent.atomic=ALL-UNNAMED --add-opens=java.xml/javax.xml.namespace=ALL-UNNAMED --add-opens=java.base/java.time=ALL-UNNAMED -XX:MaxMetaspaceSize=384m -XX:+HeapDumpOnOutOfMemoryError -Xms256m -Xmx512m -Dfile.encoding=windows-1252 -Duser.country=CO -Duser.language=es -Duser.variant -javaagent:D:\gradle-6.8.3\bin\wrapper\dists\gradle-9.2.1-bin\2t0n5ozlw9xmuyvbp7dnzaxug\gradle-9.2.1\lib\agents\gradle-instrumentation-agent-9.2.1.jar org.gradle.launcher.daemon.bootstrap.GradleDaemon 9.2.1

Host: AMD Ryzen 3 2200G with Radeon Vega Graphics    , 4 cores, 6G,  Windows 10 , 64 bit Build 19041 (10.0.19041.5915)
Time: Mon Dec 22 11:31:12 2025 Hora est. Pacífico, Sudamérica elapsed time: 1725.121734 seconds (0d 0h 28m 45s)

---------------  T H R E A D  ---------------

Current thread (0x0000018ab5e16690):  JavaThread "C2 CompilerThread0" daemon [_thread_in_native, id=3120, stack(0x000000397fa00000,0x000000397fb00000)]


Current CompileTask:
C2:1725121 10807       4       io.spring.gradle.dependencymanagement.org.apache.maven.model.io.xpp3.MavenXpp3Reader::parseDependency (486 bytes)

Stack: [0x000000397fa00000,0x000000397fb00000]
Native frames: (J=compiled Java code, j=interpreted, Vv=VM code, C=native code)
V  [jvm.dll+0x677d0a]
V  [jvm.dll+0x7d8c54]
V  [jvm.dll+0x7da3fe]
V  [jvm.dll+0x7daa63]
V  [jvm.dll+0x245c5f]
V  [jvm.dll+0xaaa6b]
V  [jvm.dll+0xab00c]
V  [jvm.dll+0x361e3f]
V  [jvm.dll+0x32c551]
V  [jvm.dll+0x32b9ea]
V  [jvm.dll+0x217fff]
V  [jvm.dll+0x217431]
V  [jvm.dll+0x1a3af0]
V  [jvm.dll+0x2270be]
V  [jvm.dll+0x22535b]
V  [jvm.dll+0x78e7bc]
V  [jvm.dll+0x788bba]
V  [jvm.dll+0x676b35]
C  [ucrtbase.dll+0x21bb2]
C  [KERNEL32.DLL+0x17374]
C  [ntdll.dll+0x4cc91]


---------------  P R O C E S S  ---------------

Threads class SMR info:
_java_thread_list=0x0000018ad2679360, length=47, elements={
0x0000018a9bdabf70, 0x0000018ab5dfb140, 0x0000018ab5dfbcc0, 0x0000018ab5e11690,
0x0000018ab5e130c0, 0x0000018ab5e14990, 0x0000018ab5e15250, 0x0000018ab5e16690,
0x0000018ab5e1e4a0, 0x0000018ab5e2dd30, 0x0000018ab5de8230, 0x0000018acf1dffd0,
0x0000018acf1ee7d0, 0x0000018acf1f04b0, 0x0000018acf1efb10, 0x0000018acf1eeca0,
0x0000018acf1ede30, 0x0000018acf1ee300, 0x0000018ad29c9ed0, 0x0000018ad29ca3a0,
0x0000018ad29c86c0, 0x0000018ad29c8b90, 0x0000018ad29c9060, 0x0000018ad29c6040,
0x0000018ad29c4830, 0x0000018ad3bacda0, 0x0000018ad3bad270, 0x0000018ad1fdb690,
0x0000018ad1fd99b0, 0x0000018ad1fdbb60, 0x0000018ad3bae5b0, 0x0000018ad3bad740,
0x0000018ad3badc10, 0x0000018ad1e5cac0, 0x0000018ad29ca870, 0x0000018ad1fdcea0,
0x0000018ad1e5c5f0, 0x0000018ad1e5cf90, 0x0000018ad1fdacf0, 0x0000018ad1fda820,
0x0000018ad1fdb1c0, 0x0000018ad1fda350, 0x0000018ad1fdc030, 0x0000018ad1fdc500,
0x0000018ad29c7380, 0x0000018ad29c4d00, 0x0000018ad29c51d0
}

Java Threads: ( => current thread )
  0x0000018a9bdabf70 JavaThread "main" [_thread_blocked, id=15736, stack(0x000000397ed00000,0x000000397ee00000)]
  0x0000018ab5dfb140 JavaThread "Reference Handler" daemon [_thread_blocked, id=6712, stack(0x000000397f400000,0x000000397f500000)]
  0x0000018ab5dfbcc0 JavaThread "Finalizer" daemon [_thread_blocked, id=20124, stack(0x000000397f500000,0x000000397f600000)]
  0x0000018ab5e11690 JavaThread "Signal Dispatcher" daemon [_thread_blocked, id=20944, stack(0x000000397f600000,0x000000397f700000)]
  0x0000018ab5e130c0 JavaThread "Attach Listener" daemon [_thread_blocked, id=10900, stack(0x000000397f700000,0x000000397f800000)]
  0x0000018ab5e14990 JavaThread "Service Thread" daemon [_thread_blocked, id=21368, stack(0x000000397f800000,0x000000397f900000)]
  0x0000018ab5e15250 JavaThread "Monitor Deflation Thread" daemon [_thread_blocked, id=23160, stack(0x000000397f900000,0x000000397fa00000)]
=>0x0000018ab5e16690 JavaThread "C2 CompilerThread0" daemon [_thread_in_native, id=3120, stack(0x000000397fa00000,0x000000397fb00000)]
  0x0000018ab5e1e4a0 JavaThread "C1 CompilerThread0" daemon [_thread_blocked, id=2600, stack(0x000000397fb00000,0x000000397fc00000)]
  0x0000018ab5e2dd30 JavaThread "Sweeper thread" daemon [_thread_blocked, id=10080, stack(0x000000397fc00000,0x000000397fd00000)]
  0x0000018ab5de8230 JavaThread "Common-Cleaner" daemon [_thread_blocked, id=23344, stack(0x000000397fd00000,0x000000397fe00000)]
  0x0000018acf1dffd0 JavaThread "Notification Thread" daemon [_thread_blocked, id=10676, stack(0x000000397fe00000,0x000000397ff00000)]
  0x0000018acf1ee7d0 JavaThread "Daemon health stats" [_thread_blocked, id=16188, stack(0x0000003900300000,0x0000003900400000)]
  0x0000018acf1f04b0 JavaThread "Incoming local TCP Connector on port 64701" [_thread_in_native, id=8276, stack(0x0000003900400000,0x0000003900500000)]
  0x0000018acf1efb10 JavaThread "Daemon periodic checks" [_thread_blocked, id=11024, stack(0x0000003900500000,0x0000003900600000)]
  0x0000018acf1eeca0 JavaThread "Cache worker for journal cache (D:\gradle-6.8.3\bin\caches\journal-1)" [_thread_blocked, id=7856, stack(0x0000003900d00000,0x0000003900e00000)]
  0x0000018acf1ede30 JavaThread "File lock request listener" [_thread_in_native, id=14500, stack(0x0000003900e00000,0x0000003900f00000)]
  0x0000018acf1ee300 JavaThread "Cache worker for file hash cache (D:\gradle-6.8.3\bin\caches\9.2.1\fileHashes)" [_thread_blocked, id=22220, stack(0x0000003900f00000,0x0000003901000000)]
  0x0000018ad29c9ed0 JavaThread "File watcher server" daemon [_thread_in_native, id=11176, stack(0x0000003901200000,0x0000003901300000)]
  0x0000018ad29ca3a0 JavaThread "File watcher consumer" daemon [_thread_blocked, id=4856, stack(0x0000003901300000,0x0000003901400000)]
  0x0000018ad29c86c0 JavaThread "Cache worker for file content cache (D:\gradle-6.8.3\bin\caches\9.2.1\fileContent)" [_thread_blocked, id=21956, stack(0x0000003901500000,0x0000003901600000)]
  0x0000018ad29c8b90 JavaThread "jar transforms" [_thread_blocked, id=20056, stack(0x0000003901800000,0x0000003901900000)]
  0x0000018ad29c9060 JavaThread "jar transforms Thread 2" [_thread_blocked, id=18328, stack(0x0000003901900000,0x0000003901a00000)]
  0x0000018ad29c6040 JavaThread "jar transforms Thread 3" [_thread_blocked, id=9364, stack(0x0000003901a00000,0x0000003901b00000)]
  0x0000018ad29c4830 JavaThread "jar transforms Thread 4" [_thread_blocked, id=21948, stack(0x0000003901b00000,0x0000003901c00000)]
  0x0000018ad3bacda0 JavaThread "Memory manager" [_thread_blocked, id=17116, stack(0x0000003902600000,0x0000003902700000)]
  0x0000018ad3bad270 JavaThread "Daemon Thread 2" [_thread_blocked, id=10668, stack(0x0000003900600000,0x0000003900700000)]
  0x0000018ad1fdb690 JavaThread "Handler for socket connection from /127.0.0.1:64701 to /127.0.0.1:50718" [_thread_in_native, id=19092, stack(0x0000003900700000,0x0000003900800000)]
  0x0000018ad1fd99b0 JavaThread "Cancel handler" [_thread_blocked, id=20640, stack(0x0000003900800000,0x0000003900900000)]
  0x0000018ad1fdbb60 JavaThread "Daemon worker Thread 2" [_thread_in_Java, id=7020, stack(0x0000003900900000,0x0000003900a00000)]
  0x0000018ad3bae5b0 JavaThread "Asynchronous log dispatcher for DefaultDaemonConnection: socket connection from /127.0.0.1:64701 to /127.0.0.1:50718" [_thread_blocked, id=4872, stack(0x0000003900a00000,0x0000003900b00000)]
  0x0000018ad3bad740 JavaThread "Stdin handler" [_thread_blocked, id=1740, stack(0x0000003900b00000,0x0000003900c00000)]
  0x0000018ad3badc10 JavaThread "Daemon client event forwarder" [_thread_blocked, id=14068, stack(0x0000003900c00000,0x0000003900d00000)]
  0x0000018ad1e5cac0 JavaThread "Cache worker for file hash cache (D:\duvan\trabajo\prueba tecnica LinkTic\NTT\portal-backend\.gradle\9.2.1\fileHashes)" [_thread_blocked, id=7808, stack(0x0000003901000000,0x0000003901100000)]
  0x0000018ad29ca870 JavaThread "Cache worker for Build Output Cleanup Cache (D:\duvan\trabajo\prueba tecnica LinkTic\NTT\portal-backend\.gradle\buildOutputCleanup)" [_thread_blocked, id=3216, stack(0x0000003901100000,0x0000003901200000)]
  0x0000018ad1fdcea0 JavaThread "Cache worker for checksums cache (D:\duvan\trabajo\prueba tecnica LinkTic\NTT\portal-backend\.gradle\9.2.1\checksums)" [_thread_blocked, id=18284, stack(0x0000003901400000,0x0000003901500000)]
  0x0000018ad1e5c5f0 JavaThread "Cache worker for cache directory md-supplier (D:\gradle-6.8.3\bin\caches\9.2.1\md-supplier)" [_thread_blocked, id=11340, stack(0x0000003901600000,0x0000003901700000)]
  0x0000018ad1e5cf90 JavaThread "Cache worker for cache directory md-rule (D:\gradle-6.8.3\bin\caches\9.2.1\md-rule)" [_thread_blocked, id=10460, stack(0x0000003901700000,0x0000003901800000)]
  0x0000018ad1fdacf0 JavaThread "Unconstrained build operations" [_thread_blocked, id=21248, stack(0x0000003901d00000,0x0000003901e00000)]
  0x0000018ad1fda820 JavaThread "Unconstrained build operations Thread 2" [_thread_blocked, id=16756, stack(0x0000003901e00000,0x0000003901f00000)]
  0x0000018ad1fdb1c0 JavaThread "Unconstrained build operations Thread 3" [_thread_blocked, id=20204, stack(0x0000003901f00000,0x0000003902000000)]
  0x0000018ad1fda350 JavaThread "Unconstrained build operations Thread 4" [_thread_blocked, id=9048, stack(0x0000003902000000,0x0000003902100000)]
  0x0000018ad1fdc030 JavaThread "Unconstrained build operations Thread 5" [_thread_blocked, id=20048, stack(0x0000003902100000,0x0000003902200000)]
  0x0000018ad1fdc500 JavaThread "Unconstrained build operations Thread 6" [_thread_blocked, id=14556, stack(0x0000003902200000,0x0000003902300000)]
  0x0000018ad29c7380 JavaThread "ForkJoinPool.commonPool-worker-4" daemon [_thread_blocked, id=20736, stack(0x0000003902300000,0x0000003902400000)]
  0x0000018ad29c4d00 JavaThread "ForkJoinPool.commonPool-worker-5" daemon [_thread_blocked, id=23980, stack(0x0000003902400000,0x0000003902500000)]
  0x0000018ad29c51d0 JavaThread "ForkJoinPool.commonPool-worker-6" daemon [_thread_blocked, id=9524, stack(0x0000003902500000,0x0000003902600000)]

Other Threads:
  0x0000018ab5df62e0 VMThread "VM Thread" [stack: 0x000000397f300000,0x000000397f400000] [id=19856]
  0x0000018acf11f660 WatcherThread [stack: 0x000000397ff00000,0x0000003980000000] [id=21572]
  0x0000018a9bdd7d20 GCTaskThread "GC Thread#0" [stack: 0x000000397ee00000,0x000000397ef00000] [id=17548]
  0x0000018acf39a300 GCTaskThread "GC Thread#1" [stack: 0x0000003900000000,0x0000003900100000] [id=15432]
  0x0000018acf39a5b0 GCTaskThread "GC Thread#2" [stack: 0x0000003900100000,0x0000003900200000] [id=22184]
  0x0000018acf39a860 GCTaskThread "GC Thread#3" [stack: 0x0000003900200000,0x0000003900300000] [id=24240]
  0x0000018a9bddca70 ConcurrentGCThread "G1 Main Marker" [stack: 0x000000397ef00000,0x000000397f000000] [id=12420]
  0x0000018a9bddd290 ConcurrentGCThread "G1 Conc#0" [stack: 0x000000397f000000,0x000000397f100000] [id=5248]
  0x0000018a9be778a0 ConcurrentGCThread "G1 Refine#0" [stack: 0x000000397f100000,0x000000397f200000] [id=17264]
  0x0000018ad1c1d1b0 ConcurrentGCThread "G1 Refine#1" [stack: 0x0000003901c00000,0x0000003901d00000] [id=5108]
  0x0000018ad1c1c070 ConcurrentGCThread "G1 Refine#2" [stack: 0x0000003902700000,0x0000003902800000] [id=11448]
  0x0000018ab5cc2220 ConcurrentGCThread "G1 Service" [stack: 0x000000397f200000,0x000000397f300000] [id=20008]

Threads with active compile tasks:
C2 CompilerThread0  1725178 10807       4       io.spring.gradle.dependencymanagement.org.apache.maven.model.io.xpp3.MavenXpp3Reader::parseDependency (486 bytes)

VM state: not at safepoint (normal execution)

VM Mutex/Monitor currently owned by a thread: None

Heap address: 0x00000000e0000000, size: 512 MB, Compressed Oops mode: 32-bit

CDS archive(s) mapped at: [0x0000018ab6000000-0x0000018ab6bd0000-0x0000018ab6bd0000), size 12386304, SharedBaseAddress: 0x0000018ab6000000, ArchiveRelocationMode: 1.
Compressed class space mapped at: 0x0000018ab7000000-0x0000018acb000000, reserved size: 335544320
Narrow klass base: 0x0000018ab6000000, Narrow klass shift: 0, Narrow klass range: 0x100000000

GC Precious Log:
 CPUs: 4 total, 4 available
 Memory: 7097M
 Large Page Support: Disabled
 NUMA Support: Disabled
 Compressed Oops: Enabled (32-bit)
 Heap Region Size: 1M
 Heap Min Capacity: 256M
 Heap Initial Capacity: 256M
 Heap Max Capacity: 512M
 Pre-touch: Disabled
 Parallel Workers: 4
 Concurrent Workers: 1
 Concurrent Refinement Workers: 4
 Periodic GC: Disabled

Heap:
 garbage-first heap   total 262144K, used 175817K [0x00000000e0000000, 0x0000000100000000)
  region size 1024K, 135 young (138240K), 13 survivors (13312K)
 Metaspace       used 57140K, committed 57984K, reserved 393216K
  class space    used 8143K, committed 8512K, reserved 327680K

Heap Regions: E=young(eden), S=young(survivor), O=old, HS=humongous(starts), HC=humongous(continues), CS=collection set, F=free, OA=open archive, CA=closed archive, TAMS=top-at-mark-start (previous, next)
|   0|0x00000000e0000000, 0x00000000e0100000, 0x00000000e0100000|100%|HS|  |TAMS 0x00000000e0100000, 0x00000000e0000000| Complete 
|   1|0x00000000e0100000, 0x00000000e0200000, 0x00000000e0200000|100%|HC|  |TAMS 0x00000000e0200000, 0x00000000e0100000| Complete 
|   2|0x00000000e0200000, 0x00000000e0300000, 0x00000000e0300000|100%|HC|  |TAMS 0x00000000e0300000, 0x00000000e0200000| Complete 
|   3|0x00000000e0300000, 0x00000000e0400000, 0x00000000e0400000|100%|HC|  |TAMS 0x00000000e0400000, 0x00000000e0300000| Complete 
|   4|0x00000000e0400000, 0x00000000e0500000, 0x00000000e0500000|100%| O|  |TAMS 0x00000000e0500000, 0x00000000e0400000| Untracked 
|   5|0x00000000e0500000, 0x00000000e0600000, 0x00000000e0600000|100%| O|  |TAMS 0x00000000e0600000, 0x00000000e0500000| Untracked 
|   6|0x00000000e0600000, 0x00000000e0700000, 0x00000000e0700000|100%| O|  |TAMS 0x00000000e0700000, 0x00000000e0600000| Untracked 
|   7|0x00000000e0700000, 0x00000000e0800000, 0x00000000e0800000|100%|HS|  |TAMS 0x00000000e0800000, 0x00000000e0700000| Complete 
|   8|0x00000000e0800000, 0x00000000e0900000, 0x00000000e0900000|100%| O|  |TAMS 0x00000000e0900000, 0x00000000e0800000| Untracked 
|   9|0x00000000e0900000, 0x00000000e0a00000, 0x00000000e0a00000|100%| O|  |TAMS 0x00000000e0a00000, 0x00000000e0900000| Untracked 
|  10|0x00000000e0a00000, 0x00000000e0a00000, 0x00000000e0b00000|  0%| F|  |TAMS 0x00000000e0a00000, 0x00000000e0a00000| Untracked 
|  11|0x00000000e0b00000, 0x00000000e0c00000, 0x00000000e0c00000|100%| O|  |TAMS 0x00000000e0c00000, 0x00000000e0b00000| Untracked 
|  12|0x00000000e0c00000, 0x00000000e0d00000, 0x00000000e0d00000|100%| O|  |TAMS 0x00000000e0d00000, 0x00000000e0c00000| Untracked 
|  13|0x00000000e0d00000, 0x00000000e0e00000, 0x00000000e0e00000|100%| O|  |TAMS 0x00000000e0e00000, 0x00000000e0d00000| Untracked 
|  14|0x00000000e0e00000, 0x00000000e0f00000, 0x00000000e0f00000|100%| O|  |TAMS 0x00000000e0f00000, 0x00000000e0e00000| Untracked 
|  15|0x00000000e0f00000, 0x00000000e1000000, 0x00000000e1000000|100%| O|  |TAMS 0x00000000e1000000, 0x00000000e0f00000| Untracked 
|  16|0x00000000e1000000, 0x00000000e1100000, 0x00000000e1100000|100%| O|  |TAMS 0x00000000e1100000, 0x00000000e1000000| Untracked 
|  17|0x00000000e1100000, 0x00000000e1200000, 0x00000000e1200000|100%| O|  |TAMS 0x00000000e1200000, 0x00000000e1100000| Untracked 
|  18|0x00000000e1200000, 0x00000000e1300000, 0x00000000e1300000|100%| O|  |TAMS 0x00000000e1300000, 0x00000000e1200000| Untracked 
|  19|0x00000000e1300000, 0x00000000e1400000, 0x00000000e1400000|100%| O|  |TAMS 0x00000000e1400000, 0x00000000e1300000| Untracked 
|  20|0x00000000e1400000, 0x00000000e1500000, 0x00000000e1500000|100%| O|  |TAMS 0x00000000e1500000, 0x00000000e1400000| Untracked 
|  21|0x00000000e1500000, 0x00000000e1600000, 0x00000000e1600000|100%| O|  |TAMS 0x00000000e15b0600, 0x00000000e1500000| Untracked 
|  22|0x00000000e1600000, 0x00000000e1700000, 0x00000000e1700000|100%| O|  |TAMS 0x00000000e1600000, 0x00000000e1600000| Untracked 
|  23|0x00000000e1700000, 0x00000000e1800000, 0x00000000e1800000|100%| O|  |TAMS 0x00000000e1700000, 0x00000000e1700000| Untracked 
|  24|0x00000000e1800000, 0x00000000e1900000, 0x00000000e1900000|100%| O|  |TAMS 0x00000000e1800000, 0x00000000e1800000| Untracked 
|  25|0x00000000e1900000, 0x00000000e1a00000, 0x00000000e1a00000|100%| O|  |TAMS 0x00000000e1900000, 0x00000000e1900000| Untracked 
|  26|0x00000000e1a00000, 0x00000000e1b00000, 0x00000000e1b00000|100%| O|  |TAMS 0x00000000e1a00000, 0x00000000e1a00000| Untracked 
|  27|0x00000000e1b00000, 0x00000000e1c00000, 0x00000000e1c00000|100%| O|  |TAMS 0x00000000e1b00000, 0x00000000e1b00000| Untracked 
|  28|0x00000000e1c00000, 0x00000000e1d00000, 0x00000000e1d00000|100%| O|  |TAMS 0x00000000e1c00000, 0x00000000e1c00000| Untracked 
|  29|0x00000000e1d00000, 0x00000000e1e00000, 0x00000000e1e00000|100%| O|  |TAMS 0x00000000e1d00000, 0x00000000e1d00000| Untracked 
|  30|0x00000000e1e00000, 0x00000000e1f00000, 0x00000000e1f00000|100%| O|  |TAMS 0x00000000e1e00000, 0x00000000e1e00000| Untracked 
|  31|0x00000000e1f00000, 0x00000000e2000000, 0x00000000e2000000|100%| O|  |TAMS 0x00000000e1f00000, 0x00000000e1f00000| Untracked 
|  32|0x00000000e2000000, 0x00000000e2100000, 0x00000000e2100000|100%| O|  |TAMS 0x00000000e2000000, 0x00000000e2000000| Untracked 
|  33|0x00000000e2100000, 0x00000000e2200000, 0x00000000e2200000|100%| O|  |TAMS 0x00000000e2100000, 0x00000000e2100000| Untracked 
|  34|0x00000000e2200000, 0x00000000e2300000, 0x00000000e2300000|100%| O|  |TAMS 0x00000000e2200000, 0x00000000e2200000| Untracked 
|  35|0x00000000e2300000, 0x00000000e2400000, 0x00000000e2400000|100%| O|  |TAMS 0x00000000e2300000, 0x00000000e2300000| Untracked 
|  36|0x00000000e2400000, 0x00000000e2500000, 0x00000000e2500000|100%| O|  |TAMS 0x00000000e2400000, 0x00000000e2400000| Untracked 
|  37|0x00000000e2500000, 0x00000000e2600000, 0x00000000e2600000|100%| O|  |TAMS 0x00000000e2500000, 0x00000000e2500000| Untracked 
|  38|0x00000000e2600000, 0x00000000e26b2600, 0x00000000e2700000| 69%| O|  |TAMS 0x00000000e2600000, 0x00000000e2600000| Untracked 
|  39|0x00000000e2700000, 0x00000000e2700000, 0x00000000e2800000|  0%| F|  |TAMS 0x00000000e2700000, 0x00000000e2700000| Untracked 
|  40|0x00000000e2800000, 0x00000000e2800000, 0x00000000e2900000|  0%| F|  |TAMS 0x00000000e2800000, 0x00000000e2800000| Untracked 
|  41|0x00000000e2900000, 0x00000000e2900000, 0x00000000e2a00000|  0%| F|  |TAMS 0x00000000e2900000, 0x00000000e2900000| Untracked 
|  42|0x00000000e2a00000, 0x00000000e2a00000, 0x00000000e2b00000|  0%| F|  |TAMS 0x00000000e2a00000, 0x00000000e2a00000| Untracked 
|  43|0x00000000e2b00000, 0x00000000e2b00000, 0x00000000e2c00000|  0%| F|  |TAMS 0x00000000e2b00000, 0x00000000e2b00000| Untracked 
|  44|0x00000000e2c00000, 0x00000000e2c00000, 0x00000000e2d00000|  0%| F|  |TAMS 0x00000000e2c00000, 0x00000000e2c00000| Untracked 
|  45|0x00000000e2d00000, 0x00000000e2d00000, 0x00000000e2e00000|  0%| F|  |TAMS 0x00000000e2d00000, 0x00000000e2d00000| Untracked 
|  46|0x00000000e2e00000, 0x00000000e2e00000, 0x00000000e2f00000|  0%| F|  |TAMS 0x00000000e2e00000, 0x00000000e2e00000| Untracked 
|  47|0x00000000e2f00000, 0x00000000e2f00000, 0x00000000e3000000|  0%| F|  |TAMS 0x00000000e2f00000, 0x00000000e2f00000| Untracked 
|  48|0x00000000e3000000, 0x00000000e3000000, 0x00000000e3100000|  0%| F|  |TAMS 0x00000000e3000000, 0x00000000e3000000| Untracked 
|  49|0x00000000e3100000, 0x00000000e3100000, 0x00000000e3200000|  0%| F|  |TAMS 0x00000000e3100000, 0x00000000e3100000| Untracked 
|  50|0x00000000e3200000, 0x00000000e3200000, 0x00000000e3300000|  0%| F|  |TAMS 0x00000000e3200000, 0x00000000e3200000| Untracked 
|  51|0x00000000e3300000, 0x00000000e3300000, 0x00000000e3400000|  0%| F|  |TAMS 0x00000000e3300000, 0x00000000e3300000| Untracked 
|  52|0x00000000e3400000, 0x00000000e3400000, 0x00000000e3500000|  0%| F|  |TAMS 0x00000000e3400000, 0x00000000e3400000| Untracked 
|  53|0x00000000e3500000, 0x00000000e3500000, 0x00000000e3600000|  0%| F|  |TAMS 0x00000000e3500000, 0x00000000e3500000| Untracked 
|  54|0x00000000e3600000, 0x00000000e3600000, 0x00000000e3700000|  0%| F|  |TAMS 0x00000000e3600000, 0x00000000e3600000| Untracked 
|  55|0x00000000e3700000, 0x00000000e3700000, 0x00000000e3800000|  0%| F|  |TAMS 0x00000000e3700000, 0x00000000e3700000| Untracked 
|  56|0x00000000e3800000, 0x00000000e3800000, 0x00000000e3900000|  0%| F|  |TAMS 0x00000000e3800000, 0x00000000e3800000| Untracked 
|  57|0x00000000e3900000, 0x00000000e3900000, 0x00000000e3a00000|  0%| F|  |TAMS 0x00000000e3900000, 0x00000000e3900000| Untracked 
|  58|0x00000000e3a00000, 0x00000000e3a00000, 0x00000000e3b00000|  0%| F|  |TAMS 0x00000000e3a00000, 0x00000000e3a00000| Untracked 
|  59|0x00000000e3b00000, 0x00000000e3b00000, 0x00000000e3c00000|  0%| F|  |TAMS 0x00000000e3b00000, 0x00000000e3b00000| Untracked 
|  60|0x00000000e3c00000, 0x00000000e3c00000, 0x00000000e3d00000|  0%| F|  |TAMS 0x00000000e3c00000, 0x00000000e3c00000| Untracked 
|  61|0x00000000e3d00000, 0x00000000e3d00000, 0x00000000e3e00000|  0%| F|  |TAMS 0x00000000e3d00000, 0x00000000e3d00000| Untracked 
|  62|0x00000000e3e00000, 0x00000000e3e00000, 0x00000000e3f00000|  0%| F|  |TAMS 0x00000000e3e00000, 0x00000000e3e00000| Untracked 
|  63|0x00000000e3f00000, 0x00000000e3f00000, 0x00000000e4000000|  0%| F|  |TAMS 0x00000000e3f00000, 0x00000000e3f00000| Untracked 
|  64|0x00000000e4000000, 0x00000000e4000000, 0x00000000e4100000|  0%| F|  |TAMS 0x00000000e4000000, 0x00000000e4000000| Untracked 
|  65|0x00000000e4100000, 0x00000000e4100000, 0x00000000e4200000|  0%| F|  |TAMS 0x00000000e4100000, 0x00000000e4100000| Untracked 
|  66|0x00000000e4200000, 0x00000000e4200000, 0x00000000e4300000|  0%| F|  |TAMS 0x00000000e4200000, 0x00000000e4200000| Untracked 
|  67|0x00000000e4300000, 0x00000000e4300000, 0x00000000e4400000|  0%| F|  |TAMS 0x00000000e4300000, 0x00000000e4300000| Untracked 
|  68|0x00000000e4400000, 0x00000000e4400000, 0x00000000e4500000|  0%| F|  |TAMS 0x00000000e4400000, 0x00000000e4400000| Untracked 
|  69|0x00000000e4500000, 0x00000000e4500000, 0x00000000e4600000|  0%| F|  |TAMS 0x00000000e4500000, 0x00000000e4500000| Untracked 
|  70|0x00000000e4600000, 0x00000000e4600000, 0x00000000e4700000|  0%| F|  |TAMS 0x00000000e4600000, 0x00000000e4600000| Untracked 
|  71|0x00000000e4700000, 0x00000000e4700000, 0x00000000e4800000|  0%| F|  |TAMS 0x00000000e4700000, 0x00000000e4700000| Untracked 
|  72|0x00000000e4800000, 0x00000000e4800000, 0x00000000e4900000|  0%| F|  |TAMS 0x00000000e4800000, 0x00000000e4800000| Untracked 
|  73|0x00000000e4900000, 0x00000000e4900000, 0x00000000e4a00000|  0%| F|  |TAMS 0x00000000e4900000, 0x00000000e4900000| Untracked 
|  74|0x00000000e4a00000, 0x00000000e4a00000, 0x00000000e4b00000|  0%| F|  |TAMS 0x00000000e4a00000, 0x00000000e4a00000| Untracked 
|  75|0x00000000e4b00000, 0x00000000e4b00000, 0x00000000e4c00000|  0%| F|  |TAMS 0x00000000e4b00000, 0x00000000e4b00000| Untracked 
|  76|0x00000000e4c00000, 0x00000000e4c00000, 0x00000000e4d00000|  0%| F|  |TAMS 0x00000000e4c00000, 0x00000000e4c00000| Untracked 
|  77|0x00000000e4d00000, 0x00000000e4d00000, 0x00000000e4e00000|  0%| F|  |TAMS 0x00000000e4d00000, 0x00000000e4d00000| Untracked 
|  78|0x00000000e4e00000, 0x00000000e4e00000, 0x00000000e4f00000|  0%| F|  |TAMS 0x00000000e4e00000, 0x00000000e4e00000| Untracked 
|  79|0x00000000e4f00000, 0x00000000e4f00000, 0x00000000e5000000|  0%| F|  |TAMS 0x00000000e4f00000, 0x00000000e4f00000| Untracked 
|  80|0x00000000e5000000, 0x00000000e5000000, 0x00000000e5100000|  0%| F|  |TAMS 0x00000000e5000000, 0x00000000e5000000| Untracked 
|  81|0x00000000e5100000, 0x00000000e5100000, 0x00000000e5200000|  0%| F|  |TAMS 0x00000000e5100000, 0x00000000e5100000| Untracked 
|  82|0x00000000e5200000, 0x00000000e5200000, 0x00000000e5300000|  0%| F|  |TAMS 0x00000000e5200000, 0x00000000e5200000| Untracked 
|  83|0x00000000e5300000, 0x00000000e5300000, 0x00000000e5400000|  0%| F|  |TAMS 0x00000000e5300000, 0x00000000e5300000| Untracked 
|  84|0x00000000e5400000, 0x00000000e5400000, 0x00000000e5500000|  0%| F|  |TAMS 0x00000000e5400000, 0x00000000e5400000| Untracked 
|  85|0x00000000e5500000, 0x00000000e5500000, 0x00000000e5600000|  0%| F|  |TAMS 0x00000000e5500000, 0x00000000e5500000| Untracked 
|  86|0x00000000e5600000, 0x00000000e5600000, 0x00000000e5700000|  0%| F|  |TAMS 0x00000000e5600000, 0x00000000e5600000| Untracked 
|  87|0x00000000e5700000, 0x00000000e5700000, 0x00000000e5800000|  0%| F|  |TAMS 0x00000000e5700000, 0x00000000e5700000| Untracked 
|  88|0x00000000e5800000, 0x00000000e5800000, 0x00000000e5900000|  0%| F|  |TAMS 0x00000000e5800000, 0x00000000e5800000| Untracked 
|  89|0x00000000e5900000, 0x00000000e5900000, 0x00000000e5a00000|  0%| F|  |TAMS 0x00000000e5900000, 0x00000000e5900000| Untracked 
|  90|0x00000000e5a00000, 0x00000000e5b00000, 0x00000000e5b00000|100%| S|CS|TAMS 0x00000000e5a00000, 0x00000000e5a00000| Complete 
|  91|0x00000000e5b00000, 0x00000000e5c00000, 0x00000000e5c00000|100%| S|CS|TAMS 0x00000000e5b00000, 0x00000000e5b00000| Complete 
|  92|0x00000000e5c00000, 0x00000000e5d00000, 0x00000000e5d00000|100%| S|CS|TAMS 0x00000000e5c00000, 0x00000000e5c00000| Complete 
|  93|0x00000000e5d00000, 0x00000000e5e00000, 0x00000000e5e00000|100%| S|CS|TAMS 0x00000000e5d00000, 0x00000000e5d00000| Complete 
|  94|0x00000000e5e00000, 0x00000000e5f00000, 0x00000000e5f00000|100%| S|CS|TAMS 0x00000000e5e00000, 0x00000000e5e00000| Complete 
|  95|0x00000000e5f00000, 0x00000000e6000000, 0x00000000e6000000|100%| S|CS|TAMS 0x00000000e5f00000, 0x00000000e5f00000| Complete 
|  96|0x00000000e6000000, 0x00000000e6100000, 0x00000000e6100000|100%| S|CS|TAMS 0x00000000e6000000, 0x00000000e6000000| Complete 
|  97|0x00000000e6100000, 0x00000000e6200000, 0x00000000e6200000|100%| S|CS|TAMS 0x00000000e6100000, 0x00000000e6100000| Complete 
|  98|0x00000000e6200000, 0x00000000e6300000, 0x00000000e6300000|100%| S|CS|TAMS 0x00000000e6200000, 0x00000000e6200000| Complete 
|  99|0x00000000e6300000, 0x00000000e6400000, 0x00000000e6400000|100%| S|CS|TAMS 0x00000000e6300000, 0x00000000e6300000| Complete 
| 100|0x00000000e6400000, 0x00000000e6500000, 0x00000000e6500000|100%| S|CS|TAMS 0x00000000e6400000, 0x00000000e6400000| Complete 
| 101|0x00000000e6500000, 0x00000000e6600000, 0x00000000e6600000|100%| S|CS|TAMS 0x00000000e6500000, 0x00000000e6500000| Complete 
| 102|0x00000000e6600000, 0x00000000e6700000, 0x00000000e6700000|100%| S|CS|TAMS 0x00000000e6600000, 0x00000000e6600000| Complete 
| 103|0x00000000e6700000, 0x00000000e6700000, 0x00000000e6800000|  0%| F|  |TAMS 0x00000000e6700000, 0x00000000e6700000| Untracked 
| 104|0x00000000e6800000, 0x00000000e6800000, 0x00000000e6900000|  0%| F|  |TAMS 0x00000000e6800000, 0x00000000e6800000| Untracked 
| 105|0x00000000e6900000, 0x00000000e6900000, 0x00000000e6a00000|  0%| F|  |TAMS 0x00000000e6900000, 0x00000000e6900000| Untracked 
| 106|0x00000000e6a00000, 0x00000000e6a00000, 0x00000000e6b00000|  0%| F|  |TAMS 0x00000000e6a00000, 0x00000000e6a00000| Untracked 
| 107|0x00000000e6b00000, 0x00000000e6b00000, 0x00000000e6c00000|  0%| F|  |TAMS 0x00000000e6b00000, 0x00000000e6b00000| Untracked 
| 108|0x00000000e6c00000, 0x00000000e6c00000, 0x00000000e6d00000|  0%| F|  |TAMS 0x00000000e6c00000, 0x00000000e6c00000| Untracked 
| 109|0x00000000e6d00000, 0x00000000e6d00000, 0x00000000e6e00000|  0%| F|  |TAMS 0x00000000e6d00000, 0x00000000e6d00000| Untracked 
| 110|0x00000000e6e00000, 0x00000000e6e00000, 0x00000000e6f00000|  0%| F|  |TAMS 0x00000000e6e00000, 0x00000000e6e00000| Untracked 
| 111|0x00000000e6f00000, 0x00000000e6f00000, 0x00000000e7000000|  0%| F|  |TAMS 0x00000000e6f00000, 0x00000000e6f00000| Untracked 
| 112|0x00000000e7000000, 0x00000000e7000000, 0x00000000e7100000|  0%| F|  |TAMS 0x00000000e7000000, 0x00000000e7000000| Untracked 
| 113|0x00000000e7100000, 0x00000000e7100000, 0x00000000e7200000|  0%| F|  |TAMS 0x00000000e7100000, 0x00000000e7100000| Untracked 
| 114|0x00000000e7200000, 0x00000000e7200000, 0x00000000e7300000|  0%| F|  |TAMS 0x00000000e7200000, 0x00000000e7200000| Untracked 
| 115|0x00000000e7300000, 0x00000000e7300000, 0x00000000e7400000|  0%| F|  |TAMS 0x00000000e7300000, 0x00000000e7300000| Untracked 
| 116|0x00000000e7400000, 0x00000000e7400000, 0x00000000e7500000|  0%| F|  |TAMS 0x00000000e7400000, 0x00000000e7400000| Untracked 
| 117|0x00000000e7500000, 0x00000000e7500000, 0x00000000e7600000|  0%| F|  |TAMS 0x00000000e7500000, 0x00000000e7500000| Untracked 
| 118|0x00000000e7600000, 0x00000000e7600000, 0x00000000e7700000|  0%| F|  |TAMS 0x00000000e7600000, 0x00000000e7600000| Untracked 
| 119|0x00000000e7700000, 0x00000000e7700000, 0x00000000e7800000|  0%| F|  |TAMS 0x00000000e7700000, 0x00000000e7700000| Untracked 
| 120|0x00000000e7800000, 0x00000000e7800000, 0x00000000e7900000|  0%| F|  |TAMS 0x00000000e7800000, 0x00000000e7800000| Untracked 
| 121|0x00000000e7900000, 0x00000000e7900000, 0x00000000e7a00000|  0%| F|  |TAMS 0x00000000e7900000, 0x00000000e7900000| Untracked 
| 122|0x00000000e7a00000, 0x00000000e7a00000, 0x00000000e7b00000|  0%| F|  |TAMS 0x00000000e7a00000, 0x00000000e7a00000| Untracked 
| 123|0x00000000e7b00000, 0x00000000e7b00000, 0x00000000e7c00000|  0%| F|  |TAMS 0x00000000e7b00000, 0x00000000e7b00000| Untracked 
| 124|0x00000000e7c00000, 0x00000000e7c00000, 0x00000000e7d00000|  0%| F|  |TAMS 0x00000000e7c00000, 0x00000000e7c00000| Untracked 
| 125|0x00000000e7d00000, 0x00000000e7d00000, 0x00000000e7e00000|  0%| F|  |TAMS 0x00000000e7d00000, 0x00000000e7d00000| Untracked 
| 126|0x00000000e7e00000, 0x00000000e7e00000, 0x00000000e7f00000|  0%| F|  |TAMS 0x00000000e7e00000, 0x00000000e7e00000| Untracked 
| 127|0x00000000e7f00000, 0x00000000e7f00000, 0x00000000e8000000|  0%| F|  |TAMS 0x00000000e7f00000, 0x00000000e7f00000| Untracked 
| 128|0x00000000e8000000, 0x00000000e8000000, 0x00000000e8100000|  0%| F|  |TAMS 0x00000000e8000000, 0x00000000e8000000| Untracked 
| 129|0x00000000e8100000, 0x00000000e8100000, 0x00000000e8200000|  0%| F|  |TAMS 0x00000000e8100000, 0x00000000e8100000| Untracked 
| 130|0x00000000e8200000, 0x00000000e8200000, 0x00000000e8300000|  0%| F|  |TAMS 0x00000000e8200000, 0x00000000e8200000| Untracked 
| 131|0x00000000e8300000, 0x00000000e8300000, 0x00000000e8400000|  0%| F|  |TAMS 0x00000000e8300000, 0x00000000e8300000| Untracked 
| 132|0x00000000e8400000, 0x00000000e8400000, 0x00000000e8500000|  0%| F|  |TAMS 0x00000000e8400000, 0x00000000e8400000| Untracked 
| 133|0x00000000e8500000, 0x00000000e8500000, 0x00000000e8600000|  0%| F|  |TAMS 0x00000000e8500000, 0x00000000e8500000| Untracked 
| 134|0x00000000e8600000, 0x00000000e86fcb50, 0x00000000e8700000| 98%| E|  |TAMS 0x00000000e8600000, 0x00000000e8600000| Complete 
| 135|0x00000000e8700000, 0x00000000e8800000, 0x00000000e8800000|100%| E|CS|TAMS 0x00000000e8700000, 0x00000000e8700000| Complete 
| 136|0x00000000e8800000, 0x00000000e8900000, 0x00000000e8900000|100%| E|CS|TAMS 0x00000000e8800000, 0x00000000e8800000| Complete 
| 137|0x00000000e8900000, 0x00000000e8a00000, 0x00000000e8a00000|100%| E|CS|TAMS 0x00000000e8900000, 0x00000000e8900000| Complete 
| 138|0x00000000e8a00000, 0x00000000e8b00000, 0x00000000e8b00000|100%| E|CS|TAMS 0x00000000e8a00000, 0x00000000e8a00000| Complete 
| 139|0x00000000e8b00000, 0x00000000e8c00000, 0x00000000e8c00000|100%| E|CS|TAMS 0x00000000e8b00000, 0x00000000e8b00000| Complete 
| 140|0x00000000e8c00000, 0x00000000e8d00000, 0x00000000e8d00000|100%| E|CS|TAMS 0x00000000e8c00000, 0x00000000e8c00000| Complete 
| 141|0x00000000e8d00000, 0x00000000e8e00000, 0x00000000e8e00000|100%| E|CS|TAMS 0x00000000e8d00000, 0x00000000e8d00000| Complete 
| 142|0x00000000e8e00000, 0x00000000e8f00000, 0x00000000e8f00000|100%| E|CS|TAMS 0x00000000e8e00000, 0x00000000e8e00000| Complete 
| 143|0x00000000e8f00000, 0x00000000e9000000, 0x00000000e9000000|100%| E|CS|TAMS 0x00000000e8f00000, 0x00000000e8f00000| Complete 
| 144|0x00000000e9000000, 0x00000000e9100000, 0x00000000e9100000|100%| E|CS|TAMS 0x00000000e9000000, 0x00000000e9000000| Complete 
| 145|0x00000000e9100000, 0x00000000e9200000, 0x00000000e9200000|100%| E|CS|TAMS 0x00000000e9100000, 0x00000000e9100000| Complete 
| 146|0x00000000e9200000, 0x00000000e9300000, 0x00000000e9300000|100%| E|CS|TAMS 0x00000000e9200000, 0x00000000e9200000| Complete 
| 147|0x00000000e9300000, 0x00000000e9400000, 0x00000000e9400000|100%| E|CS|TAMS 0x00000000e9300000, 0x00000000e9300000| Complete 
| 148|0x00000000e9400000, 0x00000000e9500000, 0x00000000e9500000|100%| E|CS|TAMS 0x00000000e9400000, 0x00000000e9400000| Complete 
| 149|0x00000000e9500000, 0x00000000e9600000, 0x00000000e9600000|100%| E|CS|TAMS 0x00000000e9500000, 0x00000000e9500000| Complete 
| 150|0x00000000e9600000, 0x00000000e9700000, 0x00000000e9700000|100%| E|CS|TAMS 0x00000000e9600000, 0x00000000e9600000| Complete 
| 151|0x00000000e9700000, 0x00000000e9800000, 0x00000000e9800000|100%| E|CS|TAMS 0x00000000e9700000, 0x00000000e9700000| Complete 
| 152|0x00000000e9800000, 0x00000000e9900000, 0x00000000e9900000|100%| E|CS|TAMS 0x00000000e9800000, 0x00000000e9800000| Complete 
| 153|0x00000000e9900000, 0x00000000e9a00000, 0x00000000e9a00000|100%| E|CS|TAMS 0x00000000e9900000, 0x00000000e9900000| Complete 
| 154|0x00000000e9a00000, 0x00000000e9b00000, 0x00000000e9b00000|100%| E|CS|TAMS 0x00000000e9a00000, 0x00000000e9a00000| Complete 
| 155|0x00000000e9b00000, 0x00000000e9c00000, 0x00000000e9c00000|100%| E|CS|TAMS 0x00000000e9b00000, 0x00000000e9b00000| Complete 
| 156|0x00000000e9c00000, 0x00000000e9d00000, 0x00000000e9d00000|100%| E|CS|TAMS 0x00000000e9c00000, 0x00000000e9c00000| Complete 
| 157|0x00000000e9d00000, 0x00000000e9e00000, 0x00000000e9e00000|100%| E|CS|TAMS 0x00000000e9d00000, 0x00000000e9d00000| Complete 
| 158|0x00000000e9e00000, 0x00000000e9f00000, 0x00000000e9f00000|100%| E|CS|TAMS 0x00000000e9e00000, 0x00000000e9e00000| Complete 
| 159|0x00000000e9f00000, 0x00000000ea000000, 0x00000000ea000000|100%| E|CS|TAMS 0x00000000e9f00000, 0x00000000e9f00000| Complete 
| 160|0x00000000ea000000, 0x00000000ea100000, 0x00000000ea100000|100%| E|CS|TAMS 0x00000000ea000000, 0x00000000ea000000| Complete 
| 161|0x00000000ea100000, 0x00000000ea200000, 0x00000000ea200000|100%| E|CS|TAMS 0x00000000ea100000, 0x00000000ea100000| Complete 
| 162|0x00000000ea200000, 0x00000000ea300000, 0x00000000ea300000|100%| E|CS|TAMS 0x00000000ea200000, 0x00000000ea200000| Complete 
| 163|0x00000000ea300000, 0x00000000ea400000, 0x00000000ea400000|100%| E|CS|TAMS 0x00000000ea300000, 0x00000000ea300000| Complete 
| 164|0x00000000ea400000, 0x00000000ea500000, 0x00000000ea500000|100%| E|CS|TAMS 0x00000000ea400000, 0x00000000ea400000| Complete 
| 165|0x00000000ea500000, 0x00000000ea600000, 0x00000000ea600000|100%| E|CS|TAMS 0x00000000ea500000, 0x00000000ea500000| Complete 
| 166|0x00000000ea600000, 0x00000000ea700000, 0x00000000ea700000|100%| E|CS|TAMS 0x00000000ea600000, 0x00000000ea600000| Complete 
| 167|0x00000000ea700000, 0x00000000ea800000, 0x00000000ea800000|100%| E|CS|TAMS 0x00000000ea700000, 0x00000000ea700000| Complete 
| 168|0x00000000ea800000, 0x00000000ea900000, 0x00000000ea900000|100%| E|CS|TAMS 0x00000000ea800000, 0x00000000ea800000| Complete 
| 169|0x00000000ea900000, 0x00000000eaa00000, 0x00000000eaa00000|100%| E|CS|TAMS 0x00000000ea900000, 0x00000000ea900000| Complete 
| 170|0x00000000eaa00000, 0x00000000eab00000, 0x00000000eab00000|100%| E|CS|TAMS 0x00000000eaa00000, 0x00000000eaa00000| Complete 
| 171|0x00000000eab00000, 0x00000000eac00000, 0x00000000eac00000|100%| E|CS|TAMS 0x00000000eab00000, 0x00000000eab00000| Complete 
| 172|0x00000000eac00000, 0x00000000ead00000, 0x00000000ead00000|100%| E|CS|TAMS 0x00000000eac00000, 0x00000000eac00000| Complete 
| 173|0x00000000ead00000, 0x00000000eae00000, 0x00000000eae00000|100%| E|CS|TAMS 0x00000000ead00000, 0x00000000ead00000| Complete 
| 174|0x00000000eae00000, 0x00000000eaf00000, 0x00000000eaf00000|100%| E|CS|TAMS 0x00000000eae00000, 0x00000000eae00000| Complete 
| 175|0x00000000eaf00000, 0x00000000eb000000, 0x00000000eb000000|100%| E|CS|TAMS 0x00000000eaf00000, 0x00000000eaf00000| Complete 
| 176|0x00000000eb000000, 0x00000000eb100000, 0x00000000eb100000|100%| E|CS|TAMS 0x00000000eb000000, 0x00000000eb000000| Complete 
| 177|0x00000000eb100000, 0x00000000eb200000, 0x00000000eb200000|100%| E|CS|TAMS 0x00000000eb100000, 0x00000000eb100000| Complete 
| 178|0x00000000eb200000, 0x00000000eb300000, 0x00000000eb300000|100%| E|CS|TAMS 0x00000000eb200000, 0x00000000eb200000| Complete 
| 179|0x00000000eb300000, 0x00000000eb400000, 0x00000000eb400000|100%| E|CS|TAMS 0x00000000eb300000, 0x00000000eb300000| Complete 
| 180|0x00000000eb400000, 0x00000000eb500000, 0x00000000eb500000|100%| E|CS|TAMS 0x00000000eb400000, 0x00000000eb400000| Complete 
| 181|0x00000000eb500000, 0x00000000eb600000, 0x00000000eb600000|100%| E|CS|TAMS 0x00000000eb500000, 0x00000000eb500000| Complete 
| 182|0x00000000eb600000, 0x00000000eb700000, 0x00000000eb700000|100%| E|CS|TAMS 0x00000000eb600000, 0x00000000eb600000| Complete 
| 183|0x00000000eb700000, 0x00000000eb800000, 0x00000000eb800000|100%| E|CS|TAMS 0x00000000eb700000, 0x00000000eb700000| Complete 
| 184|0x00000000eb800000, 0x00000000eb900000, 0x00000000eb900000|100%| E|CS|TAMS 0x00000000eb800000, 0x00000000eb800000| Complete 
| 185|0x00000000eb900000, 0x00000000eba00000, 0x00000000eba00000|100%| E|CS|TAMS 0x00000000eb900000, 0x00000000eb900000| Complete 
| 186|0x00000000eba00000, 0x00000000ebb00000, 0x00000000ebb00000|100%| E|CS|TAMS 0x00000000eba00000, 0x00000000eba00000| Complete 
| 187|0x00000000ebb00000, 0x00000000ebc00000, 0x00000000ebc00000|100%| E|CS|TAMS 0x00000000ebb00000, 0x00000000ebb00000| Complete 
| 188|0x00000000ebc00000, 0x00000000ebd00000, 0x00000000ebd00000|100%| E|CS|TAMS 0x00000000ebc00000, 0x00000000ebc00000| Complete 
| 189|0x00000000ebd00000, 0x00000000ebe00000, 0x00000000ebe00000|100%| E|CS|TAMS 0x00000000ebd00000, 0x00000000ebd00000| Complete 
| 190|0x00000000ebe00000, 0x00000000ebf00000, 0x00000000ebf00000|100%| E|CS|TAMS 0x00000000ebe00000, 0x00000000ebe00000| Complete 
| 191|0x00000000ebf00000, 0x00000000ec000000, 0x00000000ec000000|100%| E|CS|TAMS 0x00000000ebf00000, 0x00000000ebf00000| Complete 
| 192|0x00000000ec000000, 0x00000000ec100000, 0x00000000ec100000|100%| E|CS|TAMS 0x00000000ec000000, 0x00000000ec000000| Complete 
| 193|0x00000000ec100000, 0x00000000ec200000, 0x00000000ec200000|100%| E|CS|TAMS 0x00000000ec100000, 0x00000000ec100000| Complete 
| 194|0x00000000ec200000, 0x00000000ec300000, 0x00000000ec300000|100%| E|CS|TAMS 0x00000000ec200000, 0x00000000ec200000| Complete 
| 195|0x00000000ec300000, 0x00000000ec400000, 0x00000000ec400000|100%| E|CS|TAMS 0x00000000ec300000, 0x00000000ec300000| Complete 
| 196|0x00000000ec400000, 0x00000000ec500000, 0x00000000ec500000|100%| E|CS|TAMS 0x00000000ec400000, 0x00000000ec400000| Complete 
| 197|0x00000000ec500000, 0x00000000ec600000, 0x00000000ec600000|100%| E|CS|TAMS 0x00000000ec500000, 0x00000000ec500000| Complete 
| 198|0x00000000ec600000, 0x00000000ec700000, 0x00000000ec700000|100%| E|CS|TAMS 0x00000000ec600000, 0x00000000ec600000| Complete 
| 199|0x00000000ec700000, 0x00000000ec800000, 0x00000000ec800000|100%| E|CS|TAMS 0x00000000ec700000, 0x00000000ec700000| Complete 
| 200|0x00000000ec800000, 0x00000000ec900000, 0x00000000ec900000|100%| E|CS|TAMS 0x00000000ec800000, 0x00000000ec800000| Complete 
| 201|0x00000000ec900000, 0x00000000eca00000, 0x00000000eca00000|100%| E|CS|TAMS 0x00000000ec900000, 0x00000000ec900000| Complete 
| 202|0x00000000eca00000, 0x00000000ecb00000, 0x00000000ecb00000|100%| E|CS|TAMS 0x00000000eca00000, 0x00000000eca00000| Complete 
| 203|0x00000000ecb00000, 0x00000000ecc00000, 0x00000000ecc00000|100%| E|CS|TAMS 0x00000000ecb00000, 0x00000000ecb00000| Complete 
| 204|0x00000000ecc00000, 0x00000000ecd00000, 0x00000000ecd00000|100%| E|CS|TAMS 0x00000000ecc00000, 0x00000000ecc00000| Complete 
| 205|0x00000000ecd00000, 0x00000000ece00000, 0x00000000ece00000|100%| E|CS|TAMS 0x00000000ecd00000, 0x00000000ecd00000| Complete 
| 206|0x00000000ece00000, 0x00000000ecf00000, 0x00000000ecf00000|100%| E|CS|TAMS 0x00000000ece00000, 0x00000000ece00000| Complete 
| 207|0x00000000ecf00000, 0x00000000ed000000, 0x00000000ed000000|100%| E|CS|TAMS 0x00000000ecf00000, 0x00000000ecf00000| Complete 
| 208|0x00000000ed000000, 0x00000000ed100000, 0x00000000ed100000|100%| E|CS|TAMS 0x00000000ed000000, 0x00000000ed000000| Complete 
| 209|0x00000000ed100000, 0x00000000ed200000, 0x00000000ed200000|100%| E|CS|TAMS 0x00000000ed100000, 0x00000000ed100000| Complete 
| 210|0x00000000ed200000, 0x00000000ed300000, 0x00000000ed300000|100%| E|CS|TAMS 0x00000000ed200000, 0x00000000ed200000| Complete 
| 211|0x00000000ed300000, 0x00000000ed400000, 0x00000000ed400000|100%| E|CS|TAMS 0x00000000ed300000, 0x00000000ed300000| Complete 
| 212|0x00000000ed400000, 0x00000000ed500000, 0x00000000ed500000|100%| E|CS|TAMS 0x00000000ed400000, 0x00000000ed400000| Complete 
| 213|0x00000000ed500000, 0x00000000ed600000, 0x00000000ed600000|100%| E|CS|TAMS 0x00000000ed500000, 0x00000000ed500000| Complete 
| 214|0x00000000ed600000, 0x00000000ed700000, 0x00000000ed700000|100%| E|CS|TAMS 0x00000000ed600000, 0x00000000ed600000| Complete 
| 215|0x00000000ed700000, 0x00000000ed800000, 0x00000000ed800000|100%| E|CS|TAMS 0x00000000ed700000, 0x00000000ed700000| Complete 
| 216|0x00000000ed800000, 0x00000000ed900000, 0x00000000ed900000|100%| E|CS|TAMS 0x00000000ed800000, 0x00000000ed800000| Complete 
| 217|0x00000000ed900000, 0x00000000eda00000, 0x00000000eda00000|100%| E|CS|TAMS 0x00000000ed900000, 0x00000000ed900000| Complete 
| 218|0x00000000eda00000, 0x00000000edb00000, 0x00000000edb00000|100%| E|CS|TAMS 0x00000000eda00000, 0x00000000eda00000| Complete 
| 219|0x00000000edb00000, 0x00000000edc00000, 0x00000000edc00000|100%| E|CS|TAMS 0x00000000edb00000, 0x00000000edb00000| Complete 
| 220|0x00000000edc00000, 0x00000000edd00000, 0x00000000edd00000|100%| E|CS|TAMS 0x00000000edc00000, 0x00000000edc00000| Complete 
| 221|0x00000000edd00000, 0x00000000ede00000, 0x00000000ede00000|100%| E|CS|TAMS 0x00000000edd00000, 0x00000000edd00000| Complete 
| 222|0x00000000ede00000, 0x00000000edf00000, 0x00000000edf00000|100%| E|CS|TAMS 0x00000000ede00000, 0x00000000ede00000| Complete 
| 223|0x00000000edf00000, 0x00000000ee000000, 0x00000000ee000000|100%| E|CS|TAMS 0x00000000edf00000, 0x00000000edf00000| Complete 
| 224|0x00000000ee000000, 0x00000000ee100000, 0x00000000ee100000|100%| E|CS|TAMS 0x00000000ee000000, 0x00000000ee000000| Complete 
| 225|0x00000000ee100000, 0x00000000ee200000, 0x00000000ee200000|100%| E|CS|TAMS 0x00000000ee100000, 0x00000000ee100000| Complete 
| 226|0x00000000ee200000, 0x00000000ee300000, 0x00000000ee300000|100%| E|CS|TAMS 0x00000000ee200000, 0x00000000ee200000| Complete 
| 227|0x00000000ee300000, 0x00000000ee400000, 0x00000000ee400000|100%| E|CS|TAMS 0x00000000ee300000, 0x00000000ee300000| Complete 
| 228|0x00000000ee400000, 0x00000000ee500000, 0x00000000ee500000|100%| E|CS|TAMS 0x00000000ee400000, 0x00000000ee400000| Complete 
| 229|0x00000000ee500000, 0x00000000ee600000, 0x00000000ee600000|100%| E|CS|TAMS 0x00000000ee500000, 0x00000000ee500000| Complete 
| 230|0x00000000ee600000, 0x00000000ee700000, 0x00000000ee700000|100%| E|CS|TAMS 0x00000000ee600000, 0x00000000ee600000| Complete 
| 231|0x00000000ee700000, 0x00000000ee800000, 0x00000000ee800000|100%| E|CS|TAMS 0x00000000ee700000, 0x00000000ee700000| Complete 
| 232|0x00000000ee800000, 0x00000000ee900000, 0x00000000ee900000|100%| E|CS|TAMS 0x00000000ee800000, 0x00000000ee800000| Complete 
| 233|0x00000000ee900000, 0x00000000eea00000, 0x00000000eea00000|100%| E|CS|TAMS 0x00000000ee900000, 0x00000000ee900000| Complete 
| 234|0x00000000eea00000, 0x00000000eeb00000, 0x00000000eeb00000|100%| E|CS|TAMS 0x00000000eea00000, 0x00000000eea00000| Complete 
| 235|0x00000000eeb00000, 0x00000000eec00000, 0x00000000eec00000|100%| E|CS|TAMS 0x00000000eeb00000, 0x00000000eeb00000| Complete 
| 236|0x00000000eec00000, 0x00000000eed00000, 0x00000000eed00000|100%| E|CS|TAMS 0x00000000eec00000, 0x00000000eec00000| Complete 
| 237|0x00000000eed00000, 0x00000000eee00000, 0x00000000eee00000|100%| E|CS|TAMS 0x00000000eed00000, 0x00000000eed00000| Complete 
| 238|0x00000000eee00000, 0x00000000eef00000, 0x00000000eef00000|100%| E|CS|TAMS 0x00000000eee00000, 0x00000000eee00000| Complete 
| 239|0x00000000eef00000, 0x00000000ef000000, 0x00000000ef000000|100%| E|CS|TAMS 0x00000000eef00000, 0x00000000eef00000| Complete 
| 240|0x00000000ef000000, 0x00000000ef100000, 0x00000000ef100000|100%| E|CS|TAMS 0x00000000ef000000, 0x00000000ef000000| Complete 
| 241|0x00000000ef100000, 0x00000000ef200000, 0x00000000ef200000|100%| E|CS|TAMS 0x00000000ef100000, 0x00000000ef100000| Complete 
| 242|0x00000000ef200000, 0x00000000ef300000, 0x00000000ef300000|100%| E|CS|TAMS 0x00000000ef200000, 0x00000000ef200000| Complete 
| 243|0x00000000ef300000, 0x00000000ef400000, 0x00000000ef400000|100%| E|CS|TAMS 0x00000000ef300000, 0x00000000ef300000| Complete 
| 244|0x00000000ef400000, 0x00000000ef500000, 0x00000000ef500000|100%| E|CS|TAMS 0x00000000ef400000, 0x00000000ef400000| Complete 
| 245|0x00000000ef500000, 0x00000000ef600000, 0x00000000ef600000|100%| E|CS|TAMS 0x00000000ef500000, 0x00000000ef500000| Complete 
| 246|0x00000000ef600000, 0x00000000ef700000, 0x00000000ef700000|100%| E|CS|TAMS 0x00000000ef600000, 0x00000000ef600000| Complete 
| 247|0x00000000ef700000, 0x00000000ef800000, 0x00000000ef800000|100%| E|CS|TAMS 0x00000000ef700000, 0x00000000ef700000| Complete 
| 248|0x00000000ef800000, 0x00000000ef900000, 0x00000000ef900000|100%| E|CS|TAMS 0x00000000ef800000, 0x00000000ef800000| Complete 
| 249|0x00000000ef900000, 0x00000000efa00000, 0x00000000efa00000|100%| E|CS|TAMS 0x00000000ef900000, 0x00000000ef900000| Complete 
| 250|0x00000000efa00000, 0x00000000efb00000, 0x00000000efb00000|100%| E|CS|TAMS 0x00000000efa00000, 0x00000000efa00000| Complete 
| 251|0x00000000efb00000, 0x00000000efc00000, 0x00000000efc00000|100%| E|CS|TAMS 0x00000000efb00000, 0x00000000efb00000| Complete 
| 252|0x00000000efc00000, 0x00000000efd00000, 0x00000000efd00000|100%| E|CS|TAMS 0x00000000efc00000, 0x00000000efc00000| Complete 
| 253|0x00000000efd00000, 0x00000000efe00000, 0x00000000efe00000|100%| E|CS|TAMS 0x00000000efd00000, 0x00000000efd00000| Complete 
| 254|0x00000000efe00000, 0x00000000eff00000, 0x00000000eff00000|100%| E|CS|TAMS 0x00000000efe00000, 0x00000000efe00000| Complete 
| 255|0x00000000eff00000, 0x00000000f0000000, 0x00000000f0000000|100%| E|CS|TAMS 0x00000000eff00000, 0x00000000eff00000| Complete 

Card table byte_map: [0x0000018ab2650000,0x0000018ab2750000] _byte_map_base: 0x0000018ab1f50000

Marking Bits (Prev, Next): (CMBitMap*) 0x0000018a9bdd8140, (CMBitMap*) 0x0000018a9bdd8180
 Prev Bits: [0x0000018ab2850000, 0x0000018ab3050000)
 Next Bits: [0x0000018ab3050000, 0x0000018ab3850000)

Polling page: 0x0000018a99cf0000

Metaspace:

Usage:
  Non-class:     47.85 MB used.
      Class:      7.95 MB used.
       Both:     55.80 MB used.

Virtual space:
  Non-class space:       64.00 MB reserved,      48.31 MB ( 75%) committed,  1 nodes.
      Class space:      320.00 MB reserved,       8.31 MB (  3%) committed,  1 nodes.
             Both:      384.00 MB reserved,      56.62 MB ( 15%) committed. 

Chunk freelists:
   Non-Class:  15.72 MB
       Class:  7.63 MB
        Both:  23.35 MB

MaxMetaspaceSize: 384.00 MB
CompressedClassSpaceSize: 320.00 MB
Initial GC threshold: 21.00 MB
Current GC threshold: 59.00 MB
CDS: on
MetaspaceReclaimPolicy: balanced
 - commit_granule_bytes: 65536.
 - commit_granule_words: 8192.
 - virtual_space_node_default_size: 8388608.
 - enlarge_chunks_in_place: 1.
 - new_chunks_are_fully_committed: 0.
 - uncommit_free_chunks: 1.
 - use_allocation_guard: 0.
 - handle_deallocations: 1.


Internal statistics:

num_allocs_failed_limit: 6.
num_arena_births: 1236.
num_arena_deaths: 0.
num_vsnodes_births: 2.
num_vsnodes_deaths: 0.
num_space_committed: 906.
num_space_uncommitted: 0.
num_chunks_returned_to_freelist: 6.
num_chunks_taken_from_freelist: 3883.
num_chunk_merges: 3.
num_chunk_splits: 2414.
num_chunks_enlarged: 1422.
num_purges: 0.
num_inconsistent_stats: 0.

CodeHeap 'non-profiled nmethods': size=120000Kb used=5490Kb max_used=5490Kb free=114509Kb
 bounds [0x0000018aab120000, 0x0000018aab680000, 0x0000018ab2650000]
CodeHeap 'profiled nmethods': size=120000Kb used=19737Kb max_used=19737Kb free=100262Kb
 bounds [0x0000018aa3650000, 0x0000018aa49a0000, 0x0000018aaab80000]
CodeHeap 'non-nmethods': size=5760Kb used=1656Kb max_used=1711Kb free=4103Kb
 bounds [0x0000018aaab80000, 0x0000018aaadf0000, 0x0000018aab120000]
 total_blobs=10702 nmethods=9968 adapters=645
 compilation: enabled
              stopped_count=0, restarted_count=0
 full_count=0

Compilation events (20 events):
Event: 1724.891 Thread 0x0000018ab5e1e4a0 nmethod 10799 0x0000018aa4989110 code [0x0000018aa4989400, 0x0000018aa498a668]
Event: 1724.897 Thread 0x0000018ab5e1e4a0 10800       3       org.gradle.internal.deprecation.DeprecatableConfiguration::maybeEmitDeclarationDeprecation (50 bytes)
Event: 1724.903 Thread 0x0000018ab5e1e4a0 nmethod 10800 0x0000018aa498ac10 code [0x0000018aa498af40, 0x0000018aa498c698]
Event: 1724.903 Thread 0x0000018ab5e1e4a0 10801       3       org.gradle.api.internal.artifacts.configurations.DefaultLegacyConfiguration_Decorated::getDomainObjectContext (40 bytes)
Event: 1724.904 Thread 0x0000018ab5e1e4a0 nmethod 10801 0x0000018aa498cd10 code [0x0000018aa498cf20, 0x0000018aa498d5a8]
Event: 1724.904 Thread 0x0000018ab5e1e4a0 10802       1       org.gradle.api.internal.artifacts.type.ArtifactTypeRegistry::getDefaultArtifactAttributes (5 bytes)
Event: 1724.904 Thread 0x0000018ab5e1e4a0 nmethod 10802 0x0000018aab678d90 code [0x0000018aab678f20, 0x0000018aab678ff8]
Event: 1724.930 Thread 0x0000018ab5e16690 10803   !   4       org.gradle.internal.serialize.kryo.KryoBackedDecoder::readSmallInt (16 bytes)
Event: 1724.936 Thread 0x0000018ab5e16690 nmethod 10803 0x0000018aab679090 code [0x0000018aab679260, 0x0000018aab6797b0]
Event: 1724.956 Thread 0x0000018ab5e1e4a0 10804       3       org.gradle.internal.component.model.ImmutableModuleSources::withSources (28 bytes)
Event: 1724.957 Thread 0x0000018ab5e1e4a0 nmethod 10804 0x0000018aa498d810 code [0x0000018aa498d9c0, 0x0000018aa498dc68]
Event: 1724.957 Thread 0x0000018ab5e1e4a0 10805       3       com.google.common.collect.ImmutableList::of (9 bytes)
Event: 1724.958 Thread 0x0000018ab5e1e4a0 nmethod 10805 0x0000018aa498dd90 code [0x0000018aa498df60, 0x0000018aa498e448]
Event: 1724.999 Thread 0x0000018ab5e16690 10806 %     4       io.spring.gradle.dependencymanagement.org.codehaus.plexus.util.xml.pull.MXParser::parseAttribute @ 729 (1656 bytes)
Event: 1725.038 Thread 0x0000018ab5e16690 nmethod 10806% 0x0000018aab679c90 code [0x0000018aab679ee0, 0x0000018aab67b940]
Event: 1725.038 Thread 0x0000018ab5e16690 10807       4       io.spring.gradle.dependencymanagement.org.apache.maven.model.io.xpp3.MavenXpp3Reader::parseDependency (486 bytes)
Event: 1725.072 Thread 0x0000018ab5e1e4a0 10808       3       java.net.URLClassLoader::findResource (33 bytes)
Event: 1725.073 Thread 0x0000018ab5e1e4a0 nmethod 10808 0x0000018aa498e610 code [0x0000018aa498e860, 0x0000018aa498f088]
Event: 1725.098 Thread 0x0000018ab5e1e4a0 10809       1       io.spring.gradle.dependencymanagement.org.apache.maven.model.Model::setProfiles (6 bytes)
Event: 1725.098 Thread 0x0000018ab5e1e4a0 nmethod 10809 0x0000018aab67c710 code [0x0000018aab67c8a0, 0x0000018aab67c9b8]

GC Heap History (16 events):
Event: 1.676 GC heap before
{Heap before GC invocations=0 (full 0):
 garbage-first heap   total 262144K, used 13312K [0x00000000e0000000, 0x0000000100000000)
  region size 1024K, 13 young (13312K), 0 survivors (0K)
 Metaspace       used 782K, committed 896K, reserved 393216K
  class space    used 60K, committed 128K, reserved 327680K
}
Event: 1.682 GC heap after
{Heap after GC invocations=1 (full 0):
 garbage-first heap   total 262144K, used 1208K [0x00000000e0000000, 0x0000000100000000)
  region size 1024K, 2 young (2048K), 2 survivors (2048K)
 Metaspace       used 782K, committed 896K, reserved 393216K
  class space    used 60K, committed 128K, reserved 327680K
}
Event: 2.768 GC heap before
{Heap before GC invocations=1 (full 0):
 garbage-first heap   total 262144K, used 23736K [0x00000000e0000000, 0x0000000100000000)
  region size 1024K, 21 young (21504K), 2 survivors (2048K)
 Metaspace       used 1885K, committed 2048K, reserved 393216K
  class space    used 176K, committed 256K, reserved 327680K
}
Event: 2.773 GC heap after
{Heap after GC invocations=2 (full 0):
 garbage-first heap   total 262144K, used 10224K [0x00000000e0000000, 0x0000000100000000)
  region size 1024K, 3 young (3072K), 3 survivors (3072K)
 Metaspace       used 1885K, committed 2048K, reserved 393216K
  class space    used 176K, committed 256K, reserved 327680K
}
Event: 8.897 GC heap before
{Heap before GC invocations=2 (full 0):
 garbage-first heap   total 262144K, used 166896K [0x00000000e0000000, 0x0000000100000000)
  region size 1024K, 153 young (156672K), 3 survivors (3072K)
 Metaspace       used 18596K, committed 18944K, reserved 393216K
  class space    used 2492K, committed 2688K, reserved 327680K
}
Event: 8.912 GC heap after
{Heap after GC invocations=3 (full 0):
 garbage-first heap   total 262144K, used 22252K [0x00000000e0000000, 0x0000000100000000)
  region size 1024K, 14 young (14336K), 14 survivors (14336K)
 Metaspace       used 18596K, committed 18944K, reserved 393216K
  class space    used 2492K, committed 2688K, reserved 327680K
}
Event: 9.804 GC heap before
{Heap before GC invocations=3 (full 0):
 garbage-first heap   total 262144K, used 43756K [0x00000000e0000000, 0x0000000100000000)
  region size 1024K, 37 young (37888K), 14 survivors (14336K)
 Metaspace       used 21210K, committed 21504K, reserved 393216K
  class space    used 2934K, committed 3072K, reserved 327680K
}
Event: 9.815 GC heap after
{Heap after GC invocations=4 (full 0):
 garbage-first heap   total 262144K, used 24257K [0x00000000e0000000, 0x0000000100000000)
  region size 1024K, 2 young (2048K), 2 survivors (2048K)
 Metaspace       used 21210K, committed 21504K, reserved 393216K
  class space    used 2934K, committed 3072K, reserved 327680K
}
Event: 13.519 GC heap before
{Heap before GC invocations=5 (full 0):
 garbage-first heap   total 262144K, used 138945K [0x00000000e0000000, 0x0000000100000000)
  region size 1024K, 116 young (118784K), 2 survivors (2048K)
 Metaspace       used 35459K, committed 35968K, reserved 393216K
  class space    used 4985K, committed 5248K, reserved 327680K
}
Event: 13.529 GC heap after
{Heap after GC invocations=6 (full 0):
 garbage-first heap   total 262144K, used 31017K [0x00000000e0000000, 0x0000000100000000)
  region size 1024K, 9 young (9216K), 9 survivors (9216K)
 Metaspace       used 35459K, committed 35968K, reserved 393216K
  class space    used 4985K, committed 5248K, reserved 327680K
}
Event: 17.864 GC heap before
{Heap before GC invocations=7 (full 0):
 garbage-first heap   total 262144K, used 178473K [0x00000000e0000000, 0x0000000100000000)
  region size 1024K, 153 young (156672K), 9 survivors (9216K)
 Metaspace       used 48540K, committed 49280K, reserved 393216K
  class space    used 7051K, committed 7424K, reserved 327680K
}
Event: 17.884 GC heap after
{Heap after GC invocations=8 (full 0):
 garbage-first heap   total 262144K, used 39288K [0x00000000e0000000, 0x0000000100000000)
  region size 1024K, 17 young (17408K), 17 survivors (17408K)
 Metaspace       used 48540K, committed 49280K, reserved 393216K
  class space    used 7051K, committed 7424K, reserved 327680K
}
Event: 17.911 GC heap before
{Heap before GC invocations=8 (full 0):
 garbage-first heap   total 262144K, used 40312K [0x00000000e0000000, 0x0000000100000000)
  region size 1024K, 18 young (18432K), 17 survivors (17408K)
 Metaspace       used 48619K, committed 49344K, reserved 393216K
  class space    used 7064K, committed 7424K, reserved 327680K
}
Event: 17.939 GC heap after
{Heap after GC invocations=9 (full 0):
 garbage-first heap   total 262144K, used 40649K [0x00000000e0000000, 0x0000000100000000)
  region size 1024K, 2 young (2048K), 2 survivors (2048K)
 Metaspace       used 48619K, committed 49344K, reserved 393216K
  class space    used 7064K, committed 7424K, reserved 327680K
}
Event: 27.721 GC heap before
{Heap before GC invocations=9 (full 0):
 garbage-first heap   total 262144K, used 195273K [0x00000000e0000000, 0x0000000100000000)
  region size 1024K, 153 young (156672K), 2 survivors (2048K)
 Metaspace       used 54123K, committed 54912K, reserved 393216K
  class space    used 7693K, committed 8064K, reserved 327680K
}
Event: 27.736 GC heap after
{Heap after GC invocations=10 (full 0):
 garbage-first heap   total 262144K, used 51913K [0x00000000e0000000, 0x0000000100000000)
  region size 1024K, 13 young (13312K), 13 survivors (13312K)
 Metaspace       used 54123K, committed 54912K, reserved 393216K
  class space    used 7693K, committed 8064K, reserved 327680K
}

Deoptimization events (20 events):
Event: 1724.721 Thread 0x0000018ad29c7380 DEOPT PACKING pc=0x0000018aab5b6880 sp=0x00000039023fe920
Event: 1724.722 Thread 0x0000018ad29c7380 DEOPT UNPACKING pc=0x0000018aaabd23a3 sp=0x00000039023fe898 mode 2
Event: 1724.884 Thread 0x0000018ad1fdbb60 DEOPT PACKING pc=0x0000018aa3f98b89 sp=0x00000039009f78f0
Event: 1724.884 Thread 0x0000018ad1fdbb60 DEOPT UNPACKING pc=0x0000018aaabd2b43 sp=0x00000039009f6de8 mode 0
Event: 1724.985 Thread 0x0000018ad1fdbb60 Uncommon trap: trap_request=0xffffffbe fr.pc=0x0000018aab6653cc relative=0x0000000000000f8c
Event: 1724.985 Thread 0x0000018ad1fdbb60 Uncommon trap: reason=profile_predicate action=maybe_recompile pc=0x0000018aab6653cc method=java.util.regex.Pattern$CharPropertyGreedy.match(Ljava/util/regex/Matcher;ILjava/lang/CharSequence;)Z @ 15 c2
Event: 1724.985 Thread 0x0000018ad1fdbb60 DEOPT PACKING pc=0x0000018aab6653cc sp=0x00000039009f6ae0
Event: 1724.985 Thread 0x0000018ad1fdbb60 DEOPT UNPACKING pc=0x0000018aaabd23a3 sp=0x00000039009f6a80 mode 2
Event: 1724.985 Thread 0x0000018ad1fdbb60 Uncommon trap: trap_request=0xffffffbe fr.pc=0x0000018aab6653cc relative=0x0000000000000f8c
Event: 1724.985 Thread 0x0000018ad1fdbb60 Uncommon trap: reason=profile_predicate action=maybe_recompile pc=0x0000018aab6653cc method=java.util.regex.Pattern$CharPropertyGreedy.match(Ljava/util/regex/Matcher;ILjava/lang/CharSequence;)Z @ 15 c2
Event: 1724.985 Thread 0x0000018ad1fdbb60 DEOPT PACKING pc=0x0000018aab6653cc sp=0x00000039009f6630
Event: 1724.985 Thread 0x0000018ad1fdbb60 DEOPT UNPACKING pc=0x0000018aaabd23a3 sp=0x00000039009f65d0 mode 2
Event: 1725.076 Thread 0x0000018ad1fdbb60 Uncommon trap: trap_request=0xffffffbe fr.pc=0x0000018aab6653cc relative=0x0000000000000f8c
Event: 1725.076 Thread 0x0000018ad1fdbb60 Uncommon trap: reason=profile_predicate action=maybe_recompile pc=0x0000018aab6653cc method=java.util.regex.Pattern$CharPropertyGreedy.match(Ljava/util/regex/Matcher;ILjava/lang/CharSequence;)Z @ 15 c2
Event: 1725.076 Thread 0x0000018ad1fdbb60 DEOPT PACKING pc=0x0000018aab6653cc sp=0x00000039009f6b20
Event: 1725.076 Thread 0x0000018ad1fdbb60 DEOPT UNPACKING pc=0x0000018aaabd23a3 sp=0x00000039009f6ac0 mode 2
Event: 1725.076 Thread 0x0000018ad1fdbb60 Uncommon trap: trap_request=0xffffffbe fr.pc=0x0000018aab6653cc relative=0x0000000000000f8c
Event: 1725.076 Thread 0x0000018ad1fdbb60 Uncommon trap: reason=profile_predicate action=maybe_recompile pc=0x0000018aab6653cc method=java.util.regex.Pattern$CharPropertyGreedy.match(Ljava/util/regex/Matcher;ILjava/lang/CharSequence;)Z @ 15 c2
Event: 1725.076 Thread 0x0000018ad1fdbb60 DEOPT PACKING pc=0x0000018aab6653cc sp=0x00000039009f6670
Event: 1725.076 Thread 0x0000018ad1fdbb60 DEOPT UNPACKING pc=0x0000018aaabd23a3 sp=0x00000039009f6610 mode 2

Classes unloaded (0 events):
No events

Classes redefined (0 events):
No events

Internal exceptions (20 events):
Event: 28.512 Thread 0x0000018acf1ef170 Exception <a 'java/lang/NoSuchMethodError'{0x00000000ee216258}: static Lorg/gradle/internal/build/event/types/DefaultTaskStartedProgressEvent;.<clinit>()V> (0x00000000ee216258) 
thrown [s\open\src\hotspot\share\prims\jni.cpp, line 1107]
Event: 28.513 Thread 0x0000018acf1ef170 Exception <a 'java/lang/NoSuchMethodError'{0x00000000ecb24780}: static Lorg/gradle/internal/build/event/types/DefaultTaskDescriptor;.<clinit>()V> (0x00000000ecb24780) 
thrown [s\open\src\hotspot\share\prims\jni.cpp, line 1107]
Event: 28.517 Thread 0x0000018acf1ef170 Exception <a 'java/lang/NoSuchMethodError'{0x00000000ecb66f38}: static Lorg/gradle/internal/build/event/types/DefaultBinaryPluginIdentifier;.<clinit>()V> (0x00000000ecb66f38) 
thrown [s\open\src\hotspot\share\prims\jni.cpp, line 1107]
Event: 28.693 Thread 0x0000018ad3d63fe0 Exception <a 'java/lang/IncompatibleClassChangeError'{0x00000000ec7254a0}: Found class java.lang.Object, but interface was expected> (0x00000000ec7254a0) 
thrown [s\open\src\hotspot\share\interpreter\linkResolver.cpp, line 826]
Event: 28.695 Thread 0x0000018ad3d63fe0 Exception <a 'java/lang/NoSuchMethodError'{0x00000000ec7376e0}: static Ljava/lang/Object;.<clinit>()V> (0x00000000ec7376e0) 
thrown [s\open\src\hotspot\share\prims\jni.cpp, line 1107]
Event: 29.061 Thread 0x0000018ad3d63fe0 Exception <a 'java/lang/NoSuchMethodError'{0x00000000ebec97e0}: 'int java.lang.invoke.DirectMethodHandle$Holder.invokeStaticInit(java.lang.Object, java.lang.Object, java.lang.Object, java.lang.Object, java.lang.Object)'> (0x00000000ebec97e0) 
thrown [s\open\src\hotspot\share\interpreter\linkResolver.cpp, line 759]
Event: 29.203 Thread 0x0000018acf1ef170 Exception <a 'java/lang/NoSuchMethodError'{0x00000000ebc74678}: static Lorg/gradle/internal/build/event/types/DefaultTaskFinishedProgressEvent;.<clinit>()V> (0x00000000ebc74678) 
thrown [s\open\src\hotspot\share\prims\jni.cpp, line 1107]
Event: 29.207 Thread 0x0000018acf1ef170 Exception <a 'java/lang/NoSuchMethodError'{0x00000000ebc85f98}: static Lorg/gradle/internal/build/event/types/DefaultTaskSuccessResult;.<clinit>()V> (0x00000000ebc85f98) 
thrown [s\open\src\hotspot\share\prims\jni.cpp, line 1107]
Event: 29.207 Thread 0x0000018acf1ef170 Exception <a 'java/lang/NoSuchMethodError'{0x00000000ebc89fa0}: static Lorg/gradle/internal/build/event/types/AbstractTaskResult;.<clinit>()V> (0x00000000ebc89fa0) 
thrown [s\open\src\hotspot\share\prims\jni.cpp, line 1107]
Event: 29.276 Thread 0x0000018acf1effe0 Exception <a 'sun/nio/fs/WindowsException'{0x00000000ebb505f8}> (0x00000000ebb505f8) 
thrown [s\open\src\hotspot\share\prims\jni.cpp, line 516]
Event: 29.277 Thread 0x0000018acf1effe0 Exception <a 'sun/nio/fs/WindowsException'{0x00000000ebb50968}> (0x00000000ebb50968) 
thrown [s\open\src\hotspot\share\prims\jni.cpp, line 516]
Event: 29.404 Thread 0x0000018acf1ef170 Exception <a 'java/lang/NoSuchMethodError'{0x00000000ebb0f7a0}: static Lorg/gradle/internal/build/event/types/DefaultRootOperationDescriptor;.<clinit>()V> (0x00000000ebb0f7a0) 
thrown [s\open\src\hotspot\share\prims\jni.cpp, line 1107]
Event: 1721.653 Thread 0x0000018ad1fdbb60 Exception <a 'sun/nio/fs/WindowsException'{0x00000000e9166d88}> (0x00000000e9166d88) 
thrown [s\open\src\hotspot\share\prims\jni.cpp, line 516]
Event: 1721.699 Thread 0x0000018ad1fdbb60 Exception <a 'sun/nio/fs/WindowsException'{0x00000000e91682e0}> (0x00000000e91682e0) 
thrown [s\open\src\hotspot\share\prims\jni.cpp, line 516]
Event: 1721.705 Thread 0x0000018ad1fdbb60 Exception <a 'sun/nio/fs/WindowsException'{0x00000000e9169838}> (0x00000000e9169838) 
thrown [s\open\src\hotspot\share\prims\jni.cpp, line 516]
Event: 1721.711 Thread 0x0000018ad1fdbb60 Exception <a 'sun/nio/fs/WindowsException'{0x00000000e916ad68}> (0x00000000e916ad68) 
thrown [s\open\src\hotspot\share\prims\jni.cpp, line 516]
Event: 1724.442 Thread 0x0000018ad1fdbb60 Exception <a 'java/lang/NoClassDefFoundError'{0x00000000e8ae3308}: org/jetbrains/kotlin/gradle/plugin/KotlinPluginWrapper> (0x00000000e8ae3308) 
thrown [s\open\src\hotspot\share\oops\constantPool.cpp, line 835]
Event: 1724.442 Thread 0x0000018ad1fdbb60 Exception <a 'java/lang/NoClassDefFoundError'{0x00000000e8ae5950}: org/graalvm/buildtools/gradle/NativeImagePlugin> (0x00000000e8ae5950) 
thrown [s\open\src\hotspot\share\oops\constantPool.cpp, line 835]
Event: 1724.442 Thread 0x0000018ad1fdbb60 Exception <a 'java/lang/NoClassDefFoundError'{0x00000000e8ae7f88}: org/cyclonedx/gradle/CyclonedxPlugin> (0x00000000e8ae7f88) 
thrown [s\open\src\hotspot\share\oops\constantPool.cpp, line 835]
Event: 1724.721 Thread 0x0000018ad29c7380 Implicit null exception at 0x0000018aab5b684b to 0x0000018aab5b6870

VM Operations (20 events):
Event: 1712.804 Executing VM operation: Cleanup
Event: 1712.929 Executing VM operation: Cleanup done
Event: 1714.942 Executing VM operation: Cleanup
Event: 1714.976 Executing VM operation: Cleanup done
Event: 1715.980 Executing VM operation: Cleanup
Event: 1716.028 Executing VM operation: Cleanup done
Event: 1717.041 Executing VM operation: Cleanup
Event: 1717.060 Executing VM operation: Cleanup done
Event: 1719.068 Executing VM operation: Cleanup
Event: 1719.086 Executing VM operation: Cleanup done
Event: 1720.096 Executing VM operation: Cleanup
Event: 1720.127 Executing VM operation: Cleanup done
Event: 1721.133 Executing VM operation: Cleanup
Event: 1721.180 Executing VM operation: Cleanup done
Event: 1722.187 Executing VM operation: Cleanup
Event: 1722.203 Executing VM operation: Cleanup done
Event: 1723.204 Executing VM operation: Cleanup
Event: 1723.205 Executing VM operation: Cleanup done
Event: 1724.213 Executing VM operation: Cleanup
Event: 1724.230 Executing VM operation: Cleanup done

Events (20 events):
Event: 1708.007 loading class sun/text/resources/cldr/FormatData_en
Event: 1708.641 loading class sun/text/resources/cldr/FormatData_en done
Event: 1709.174 Thread 0x0000018ad3bad740 Thread added: 0x0000018ad3bad740
Event: 1709.246 Thread 0x0000018ad3badc10 Thread added: 0x0000018ad3badc10
Event: 1716.560 Thread 0x0000018ad1e5cac0 Thread added: 0x0000018ad1e5cac0
Event: 1716.649 Thread 0x0000018ad29ca870 Thread added: 0x0000018ad29ca870
Event: 1717.629 loading class java/util/function/BooleanSupplier
Event: 1717.683 loading class java/util/function/BooleanSupplier done
Event: 1719.839 Thread 0x0000018ad1fdcea0 Thread added: 0x0000018ad1fdcea0
Event: 1720.511 Thread 0x0000018ad1e5c5f0 Thread added: 0x0000018ad1e5c5f0
Event: 1720.564 Thread 0x0000018ad1e5cf90 Thread added: 0x0000018ad1e5cf90
Event: 1723.641 Thread 0x0000018ad1fdacf0 Thread added: 0x0000018ad1fdacf0
Event: 1723.641 Thread 0x0000018ad1fda820 Thread added: 0x0000018ad1fda820
Event: 1723.642 Thread 0x0000018ad1fdb1c0 Thread added: 0x0000018ad1fdb1c0
Event: 1723.860 Thread 0x0000018ad1fda350 Thread added: 0x0000018ad1fda350
Event: 1723.862 Thread 0x0000018ad1fdc030 Thread added: 0x0000018ad1fdc030
Event: 1723.864 Thread 0x0000018ad1fdc500 Thread added: 0x0000018ad1fdc500
Event: 1724.689 Thread 0x0000018ad29c7380 Thread added: 0x0000018ad29c7380
Event: 1724.695 Thread 0x0000018ad29c4d00 Thread added: 0x0000018ad29c4d00
Event: 1724.696 Thread 0x0000018ad29c51d0 Thread added: 0x0000018ad29c51d0


Dynamic libraries:
0x00007ff768cc0000 - 0x00007ff768cd0000 	C:\Program Files\Java\jdk-17\bin\java.exe
0x00007ff9102f0000 - 0x00007ff9104e8000 	C:\Windows\SYSTEM32\ntdll.dll
0x00007ff90ed20000 - 0x00007ff90ede2000 	C:\Windows\System32\KERNEL32.DLL
0x00007ff90de00000 - 0x00007ff90e0f6000 	C:\Windows\System32\KERNELBASE.dll
0x00007ff90d980000 - 0x00007ff90da80000 	C:\Windows\System32\ucrtbase.dll
0x00007ff8e95f0000 - 0x00007ff8e9609000 	C:\Program Files\Java\jdk-17\bin\jli.dll
0x00007ff8ea780000 - 0x00007ff8ea79b000 	C:\Program Files\Java\jdk-17\bin\VCRUNTIME140.dll
0x00007ff90ff60000 - 0x00007ff910011000 	C:\Windows\System32\ADVAPI32.dll
0x00007ff90e310000 - 0x00007ff90e3ae000 	C:\Windows\System32\msvcrt.dll
0x00007ff90e730000 - 0x00007ff90e7cf000 	C:\Windows\System32\sechost.dll
0x00007ff90efe0000 - 0x00007ff90f100000 	C:\Windows\System32\RPCRT4.dll
0x00007ff90ddd0000 - 0x00007ff90ddf7000 	C:\Windows\System32\bcrypt.dll
0x00007ff8f8920000 - 0x00007ff8f8bbb000 	C:\Windows\WinSxS\amd64_microsoft.windows.common-controls_6595b64144ccf1df_6.0.19041.6456_none_60b8a6cb71f64256\COMCTL32.dll
0x00007ff90efb0000 - 0x00007ff90efdb000 	C:\Windows\System32\GDI32.dll
0x00007ff90dc90000 - 0x00007ff90dcb2000 	C:\Windows\System32\win32u.dll
0x00007ff90db20000 - 0x00007ff90dc39000 	C:\Windows\System32\gdi32full.dll
0x00007ff90da80000 - 0x00007ff90db1d000 	C:\Windows\System32\msvcp_win.dll
0x00007ff90edf0000 - 0x00007ff90ef91000 	C:\Windows\System32\USER32.dll
0x00007ff9070e0000 - 0x00007ff9070ea000 	C:\Windows\SYSTEM32\VERSION.dll
0x00007ff90f4e0000 - 0x00007ff90f50f000 	C:\Windows\System32\IMM32.DLL
0x00007ff8eef60000 - 0x00007ff8eef6c000 	C:\Program Files\Java\jdk-17\bin\vcruntime140_1.dll
0x00007ff8ce780000 - 0x00007ff8ce80e000 	C:\Program Files\Java\jdk-17\bin\msvcp140.dll
0x00007ff85e7f0000 - 0x00007ff85f3ce000 	C:\Program Files\Java\jdk-17\bin\server\jvm.dll
0x00007ff90f4d0000 - 0x00007ff90f4d8000 	C:\Windows\System32\PSAPI.DLL
0x00007ff8f8ca0000 - 0x00007ff8f8ca9000 	C:\Windows\SYSTEM32\WSOCK32.dll
0x00007ff90f100000 - 0x00007ff90f16b000 	C:\Windows\System32\WS2_32.dll
0x00007ff905180000 - 0x00007ff9051a7000 	C:\Windows\SYSTEM32\WINMM.dll
0x00007ff90b7d0000 - 0x00007ff90b7e2000 	C:\Windows\SYSTEM32\kernel.appcore.dll
0x00007ff8eeda0000 - 0x00007ff8eedaa000 	C:\Program Files\Java\jdk-17\bin\jimage.dll
0x00007ff905db0000 - 0x00007ff905fb1000 	C:\Windows\SYSTEM32\DBGHELP.DLL
0x00007ff8f8420000 - 0x00007ff8f8454000 	C:\Windows\SYSTEM32\dbgcore.DLL
0x00007ff90dd40000 - 0x00007ff90ddc2000 	C:\Windows\System32\bcryptPrimitives.dll
0x00007ff8fdf30000 - 0x00007ff8fdf3e000 	C:\Program Files\Java\jdk-17\bin\instrument.dll
0x00007ff8dd0f0000 - 0x00007ff8dd115000 	C:\Program Files\Java\jdk-17\bin\java.dll
0x00007ff8c8a90000 - 0x00007ff8c8b67000 	C:\Program Files\Java\jdk-17\bin\jsvml.dll
0x00007ff90f740000 - 0x00007ff90feb0000 	C:\Windows\System32\SHELL32.dll
0x00007ff90b9d0000 - 0x00007ff90c175000 	C:\Windows\SYSTEM32\windows.storage.dll
0x00007ff90f170000 - 0x00007ff90f4c4000 	C:\Windows\System32\combase.dll
0x00007ff90d1f0000 - 0x00007ff90d21b000 	C:\Windows\SYSTEM32\Wldp.dll
0x00007ff90e4d0000 - 0x00007ff90e59d000 	C:\Windows\System32\OLEAUT32.dll
0x00007ff90e600000 - 0x00007ff90e6ad000 	C:\Windows\System32\SHCORE.dll
0x00007ff90f530000 - 0x00007ff90f58b000 	C:\Windows\System32\shlwapi.dll
0x00007ff90d8b0000 - 0x00007ff90d8d4000 	C:\Windows\SYSTEM32\profapi.dll
0x00007ff8e8520000 - 0x00007ff8e8538000 	C:\Program Files\Java\jdk-17\bin\zip.dll
0x00007ff8e94f0000 - 0x00007ff8e9509000 	C:\Program Files\Java\jdk-17\bin\net.dll
0x00007ff9079b0000 - 0x00007ff907aba000 	C:\Windows\SYSTEM32\WINHTTP.dll
0x00007ff90cfd0000 - 0x00007ff90d03a000 	C:\Windows\system32\mswsock.dll
0x00007ff8e8fb0000 - 0x00007ff8e8fc6000 	C:\Program Files\Java\jdk-17\bin\nio.dll
0x00007ff8ec480000 - 0x00007ff8ec490000 	C:\Program Files\Java\jdk-17\bin\verify.dll
0x00007ff8fdf40000 - 0x00007ff8fdf67000 	D:\gradle-6.8.3\bin\native\660c5614fbf4a5f2a75b1949f50a0caf5cd603558e7d8a26e50b933a0cfb79d1\windows-amd64\native-platform.dll
0x00007ff8dc1e0000 - 0x00007ff8dc257000 	D:\gradle-6.8.3\bin\native\0.2.8\x86_64-windows-gnu\gradle-fileevents.dll
0x00007ff8ec500000 - 0x00007ff8ec50a000 	C:\Program Files\Java\jdk-17\bin\management.dll
0x00007ff8ec4f0000 - 0x00007ff8ec4fb000 	C:\Program Files\Java\jdk-17\bin\management_ext.dll
0x00007ff90ccd0000 - 0x00007ff90cd0b000 	C:\Windows\SYSTEM32\IPHLPAPI.DLL
0x00007ff910020000 - 0x00007ff910028000 	C:\Windows\System32\NSI.dll
0x00007ff9085d0000 - 0x00007ff9085e7000 	C:\Windows\SYSTEM32\dhcpcsvc6.DLL
0x00007ff908380000 - 0x00007ff90839d000 	C:\Windows\SYSTEM32\dhcpcsvc.DLL
0x00007ff90cd10000 - 0x00007ff90cdda000 	C:\Windows\SYSTEM32\DNSAPI.dll
0x00007ff90d230000 - 0x00007ff90d248000 	C:\Windows\SYSTEM32\CRYPTSP.dll
0x00007ff90c910000 - 0x00007ff90c948000 	C:\Windows\system32\rsaenh.dll
0x00007ff90d870000 - 0x00007ff90d89e000 	C:\Windows\SYSTEM32\USERENV.dll
0x00007ff90d160000 - 0x00007ff90d16c000 	C:\Windows\SYSTEM32\CRYPTBASE.dll
0x00007ff8ec4e0000 - 0x00007ff8ec4ee000 	C:\Program Files\Java\jdk-17\bin\sunmscapi.dll
0x00007ff90e1b0000 - 0x00007ff90e30d000 	C:\Windows\System32\CRYPT32.dll
0x00007ff90d3a0000 - 0x00007ff90d3c7000 	C:\Windows\SYSTEM32\ncrypt.dll
0x00007ff90d360000 - 0x00007ff90d39b000 	C:\Windows\SYSTEM32\NTASN1.dll
0x00007ff891920000 - 0x00007ff891927000 	C:\Windows\system32\wshunix.dll

dbghelp: loaded successfully - version: 4.0.5 - missing functions: none
symbol engine: initialized successfully - sym options: 0x614 - pdb path: .;C:\Program Files\Java\jdk-17\bin;C:\Windows\SYSTEM32;C:\Windows\WinSxS\amd64_microsoft.windows.common-controls_6595b64144ccf1df_6.0.19041.6456_none_60b8a6cb71f64256;C:\Program Files\Java\jdk-17\bin\server;D:\gradle-6.8.3\bin\native\660c5614fbf4a5f2a75b1949f50a0caf5cd603558e7d8a26e50b933a0cfb79d1\windows-amd64;D:\gradle-6.8.3\bin\native\0.2.8\x86_64-windows-gnu

VM Arguments:
jvm_args: --add-opens=java.base/java.lang=ALL-UNNAMED --add-opens=java.base/java.lang.invoke=ALL-UNNAMED --add-opens=java.base/java.util=ALL-UNNAMED --add-opens=java.prefs/java.util.prefs=ALL-UNNAMED --add-exports=jdk.compiler/com.sun.tools.javac.api=ALL-UNNAMED --add-exports=jdk.compiler/com.sun.tools.javac.util=ALL-UNNAMED --add-opens=java.base/java.util=ALL-UNNAMED --add-opens=java.prefs/java.util.prefs=ALL-UNNAMED --add-opens=java.base/java.nio.charset=ALL-UNNAMED --add-opens=java.base/java.net=ALL-UNNAMED --add-opens=java.base/java.util.concurrent=ALL-UNNAMED --add-opens=java.base/java.util.concurrent.atomic=ALL-UNNAMED --add-opens=java.xml/javax.xml.namespace=ALL-UNNAMED --add-opens=java.base/java.time=ALL-UNNAMED -XX:MaxMetaspaceSize=384m -XX:+HeapDumpOnOutOfMemoryError -Xms256m -Xmx512m -Dfile.encoding=windows-1252 -Duser.country=CO -Duser.language=es -Duser.variant -javaagent:D:\gradle-6.8.3\bin\wrapper\dists\gradle-9.2.1-bin\2t0n5ozlw9xmuyvbp7dnzaxug\gradle-9.2.1\lib\agents\gradle-instrumentation-agent-9.2.1.jar 
java_command: org.gradle.launcher.daemon.bootstrap.GradleDaemon 9.2.1
java_class_path (initial): D:\gradle-6.8.3\bin\wrapper\dists\gradle-9.2.1-bin\2t0n5ozlw9xmuyvbp7dnzaxug\gradle-9.2.1\lib\gradle-daemon-main-9.2.1.jar
Launcher Type: SUN_STANDARD

[Global flags]
     intx CICompilerCount                          = 3                                         {product} {ergonomic}
   size_t CompressedClassSpaceSize                 = 335544320                                 {product} {ergonomic}
     uint ConcGCThreads                            = 1                                         {product} {ergonomic}
     uint G1ConcRefinementThreads                  = 4                                         {product} {ergonomic}
   size_t G1HeapRegionSize                         = 1048576                                   {product} {ergonomic}
    uintx GCDrainStackTargetSize                   = 64                                        {product} {ergonomic}
     bool HeapDumpOnOutOfMemoryError               = true                                   {manageable} {command line}
   size_t InitialHeapSize                          = 268435456                                 {product} {command line}
   size_t MarkStackSize                            = 4194304                                   {product} {ergonomic}
   size_t MaxHeapSize                              = 536870912                                 {product} {command line}
   size_t MaxMetaspaceSize                         = 402653184                                 {product} {command line}
   size_t MaxNewSize                               = 321912832                                 {product} {ergonomic}
   size_t MinHeapDeltaBytes                        = 1048576                                   {product} {ergonomic}
   size_t MinHeapSize                              = 268435456                                 {product} {command line}
    uintx NonNMethodCodeHeapSize                   = 5832780                                {pd product} {ergonomic}
    uintx NonProfiledCodeHeapSize                  = 122912730                              {pd product} {ergonomic}
    uintx ProfiledCodeHeapSize                     = 122912730                              {pd product} {ergonomic}
    uintx ReservedCodeCacheSize                    = 251658240                              {pd product} {ergonomic}
     bool SegmentedCodeCache                       = true                                      {product} {ergonomic}
   size_t SoftMaxHeapSize                          = 536870912                              {manageable} {ergonomic}
     bool UseCompressedClassPointers               = true                           {product lp64_product} {ergonomic}
     bool UseCompressedOops                        = true                           {product lp64_product} {ergonomic}
     bool UseG1GC                                  = true                                      {product} {ergonomic}
     bool UseLargePagesIndividualAllocation        = false                                  {pd product} {ergonomic}

Logging:
Log output configuration:
 #0: stdout all=warning uptime,level,tags
 #1: stderr all=off uptime,level,tags

Environment Variables:
JAVA_HOME=C:\Program Files\Java\jdk-17
PATH=C:\Program Files\Python310\Scripts\;C:\Program Files\Python310\;C:\Python311\Scripts\;C:\Python311\;C:\Program Files\Java\jdk-17\bin;C:\sonar-scanner-5.0.1.3006-windows\bin;C:\Program Files\Common Files\Oracle\Java\javapath;C:\app\POWER\product\21c\dbhomeXE\bin;C:\Program Files (x86)\Common Files\Oracle\Java\javapath;C:\Program Files (x86)\Common Files\Intel\Shared Libraries\redist\intel64\compiler;C:\Windows\system32;C:\Windows;C:\Windows\System32\Wbem;C:\Windows\System32\WindowsPowerShell\v1.0\;C:\Windows\System32\OpenSSH\;C:\Program Files\Microsoft SQL Server\120\Tools\Binn\;C:\Program Files\Common Files\Autodesk Shared\;C:\Program Files\Docker\Docker\resources\bin;C:\Program Files\Git\cmd;C:\Program Files\MATLAB\MATLAB Runtime\R2023a\runtime\win64;C:\Program Files\MATLAB\MATLAB Compiler Runtime\v81\runtime\win64;C:\ProgramData\chocolatey\bin;D:\bin;D:\gradle-6.8.3\bin;C:\Program Files\Amazon\AWSCLIV2\;C:\Program Files\Amazon\AWSSAMCLI\bin\;D:\;C:\Program Files\MySQL\MySQL Shell 8.0\bin\;C:\Users\POWER\AppData\Local\Microsoft\WindowsApps;C:\Users\POWER\AppData\Local\Programs\Microsoft VS Code\bin;C:\pmd-bin-7.0.0-rc3\bin;C:\Users\POWER\AppData\Local\JetBrains\Toolbox\scripts;C:\Users\POWER\AppData\Roaming\npm;C:\Program Files\PostgreSQL\17\bin;
USERNAME=POWER
OS=Windows_NT
PROCESSOR_IDENTIFIER=AMD64 Family 23 Model 17 Stepping 0, AuthenticAMD



---------------  S Y S T E M  ---------------

OS:
 Windows 10 , 64 bit Build 19041 (10.0.19041.5915)
OS uptime: 7 days 17:47 hours
Hyper-V role detected

CPU: total 4 (initial active 4) (4 cores per cpu, 1 threads per core) family 23 model 17 stepping 0 microcode 0x0, cx8, cmov, fxsr, mmx, 3dnowpref, sse, sse2, sse3, ssse3, sse4a, sse4.1, sse4.2, popcnt, lzcnt, tsc, tscinvbit, avx, avx2, aes, clmul, bmi1, bmi2, adx, sha, fma, vzeroupper, clflush, clflushopt, hv

Memory: 4k page, system-wide physical 7097M (204M free)
TotalPageFile size 28601M (AvailPageFile size 3M)
current process WorkingSet (physical memory assigned to process): 155M, peak: 364M
current process commit charge ("private bytes"): 480M, peak: 495M

vm_info: Java HotSpot(TM) 64-Bit Server VM (17.0.8+9-LTS-211) for windows-amd64 JRE (17.0.8+9-LTS-211), built on Jun 14 2023 10:34:31 by "mach5one" with MS VC++ 17.1 (VS2022)

END.
